#
# A fatal error has been detected by the Java Runtime Environment:
#
#  SIGSEGV (0xb) at pc=0x0000000108ecf395, pid=65015, tid=9987
#
# JRE version: Java(TM) SE Runtime Environment 18.9 (11.0.10+8) (build 11.0.10+8-LTS-162)
# Java VM: Java HotSpot(TM) 64-Bit Server VM 18.9 (11.0.10+8-LTS-162, mixed mode, tiered, compressed oops, g1 gc, bsd-amd64)
# Problematic frame:
# V  [libjvm.dylib+0x6cf395]  SignatureIterator::expect(char)+0x11
#
# No core dump will be written. Core dumps have been disabled. To enable core dumping, try "ulimit -c unlimited" before starting Java again
#
# If you would like to submit a bug report, please visit:
#   https://bugreport.java.com/bugreport/crash.jsp
#

---------------  S U M M A R Y ------------

Command Line: -agentlib:jdwp=transport=dt_socket,suspend=y,address=localhost:64464 -javaagent:/Users/NT185083/eclipse/jee-2021-03/Eclipse.app/Contents/Eclipse/configuration/org.eclipse.osgi/403/0/.cp/lib/javaagent-shaded.jar -Dfile.encoding=UTF-8 shasta.dataflow.DataflowToBigtable

Host: MacBookPro16,1 x86_64 2600 MHz, 12 cores, 16G, Darwin 19.6.0
Time: Tue Mar 30 19:01:26 2021 EDT elapsed time: 868.555982 seconds (0d 0h 14m 28s)

---------------  T H R E A D  ---------------

Current thread (0x00007f8468015800):  JavaThread "main" [_thread_in_vm, id=9987, stack(0x0000700000d3d000,0x0000700000e3d000)]

Stack: [0x0000700000d3d000,0x0000700000e3d000],  sp=0x0000700000e3c880,  free space=1022k
Native frames: (J=compiled Java code, A=aot compiled Java code, j=interpreted, Vv=VM code, C=native code)
V  [libjvm.dylib+0x6cf395]  SignatureIterator::expect(char)+0x11
V  [libjvm.dylib+0x6cf6db]  SignatureIterator::iterate_parameters()+0x1b
V  [libjvm.dylib+0x2ea4de]  frame::interpreter_callee_receiver_addr(Symbol*)+0x40
V  [libjvm.dylib+0x398c91]  InterpreterRuntime::resolve_invoke(JavaThread*, Bytecodes::Code)+0x133
V  [libjvm.dylib+0x3993a5]  InterpreterRuntime::resolve_from_cache(JavaThread*, Bytecodes::Code)+0x37
j  shasta.dataflow.DataflowToBigtable.main([Ljava/lang/String;)V+32
v  ~StubRoutines::call_stub
V  [libjvm.dylib+0x39e2ec]  JavaCalls::call_helper(JavaValue*, methodHandle const&, JavaCallArguments*, Thread*)+0x21c
V  [libjvm.dylib+0x3e31fb]  jni_invoke_static(JNIEnv_*, JavaValue*, _jobject*, JNICallType, _jmethodID*, JNI_ArgumentPusher*, Thread*)+0x11c
V  [libjvm.dylib+0x3e69c6]  jni_CallStaticVoidMethod+0x1d1
C  [libjli.dylib+0x4a6e]  JavaMain+0xab5
C  [libsystem_pthread.dylib+0x6109]  _pthread_start+0x94
C  [libsystem_pthread.dylib+0x1b8b]  thread_start+0xf

Java frames: (J=compiled Java code, j=interpreted, Vv=VM code)
j  shasta.dataflow.DataflowToBigtable.main([Ljava/lang/String;)V+32
v  ~StubRoutines::call_stub

siginfo: si_signo: 11 (SIGSEGV), si_code: 1 (SEGV_MAPERR), si_addr: 0x0000000000000006

Register to memory mapping:

RAX=0x0 is NULL
RBX=0x0000700000e3c8c8 is pointing into the stack for thread: 0x00007f8468015800
RCX=0x0 is NULL
RDX=0x00000000001940e0 is an unknown value
RSP=0x0000700000e3c880 is pointing into the stack for thread: 0x00007f8468015800
RBP=0x0000700000e3c890 is pointing into the stack for thread: 0x00007f8468015800
RSI=0x0000000000000028 is an unknown value
RDI=0x0000700000e3c8c8 is pointing into the stack for thread: 0x00007f8468015800
R8 =0x0000000113af3000 points into unknown readable memory: 04 00 00 00 00 00 00 00
R9 =0x00007f846760ad80 points into unknown readable memory: 40 9e 20 0b 01 00 00 00
R10=0x00000001091a6cc0: _ZN19TemplateInterpreter13_normal_tableE+0x4800 in /Library/Java/JavaVirtualMachines/jdk-11.0.10.jdk/Contents/Home/lib/server/libjvm.dylib at 0x0000000108800000
R11=0x0000000000000202 is an unknown value
R12=0x00000000000000b6 is an unknown value
R13=0x000000010b209d70 is pointing into metadata
R14=0x0000700000e3c980 is pointing into the stack for thread: 0x00007f8468015800
R15=0x0000700000e3c980 is pointing into the stack for thread: 0x00007f8468015800


Registers:
RAX=0x0000000000000000, RBX=0x0000700000e3c8c8, RCX=0x0000000000000000, RDX=0x00000000001940e0
RSP=0x0000700000e3c880, RBP=0x0000700000e3c890, RSI=0x0000000000000028, RDI=0x0000700000e3c8c8
R8 =0x0000000113af3000, R9 =0x00007f846760ad80, R10=0x00000001091a6cc0, R11=0x0000000000000202
R12=0x00000000000000b6, R13=0x000000010b209d70, R14=0x0000700000e3c980, R15=0x0000700000e3c980
RIP=0x0000000108ecf395, EFLAGS=0x0000000000010206, ERR=0x0000000000000004
  TRAPNO=0x000000000000000e

Top of Stack: (sp=0x0000700000e3c880)
0x0000700000e3c880:   0000000109137a00 0000700000e3c8c8
0x0000700000e3c890:   0000700000e3c8b0 0000000108ecf6db
0x0000700000e3c8a0:   0000000109137a00 0000700000e3c8c8
0x0000700000e3c8b0:   0000700000e3c900 0000000108aea4de
0x0000700000e3c8c0:   0000700000e3ca58 0000000109137a00
0x0000700000e3c8d0:   0000000000000000 0000000000000000
0x0000700000e3c8e0:   0000000000000063 0000000100000000
0x0000700000e3c8f0:   0000700000e3c9b0 00007f8468015800
0x0000700000e3c900:   0000700000e3ca10 0000000108b98c91
0x0000700000e3c910:   0000700000e3c9b0 0000000108d021ff
0x0000700000e3c920:   00007f8468015800 00007f8467511780
0x0000700000e3c930:   00007f8467511750 00007f8467511840
0x0000700000e3c940:   00007f8467511850 00007f8467511c28
0x0000700000e3c950:   00000000000003d8 0000700000e3ca58
0x0000700000e3c960:   0000700000e3c980 00000001089ff8c4
0x0000700000e3c970:   0000700000e3c990 0000000108f605f1
0x0000700000e3c980:   0000700000e3ca58 0000000113b1bc52
0x0000700000e3c990:   0000000113afb810 0000000000000000
0x0000700000e3c9a0:   0000700000e3cac0 0000700000e3ca58
0x0000700000e3c9b0:   000000010b209d70 00000001000000b6
0x0000700000e3c9c0:   000000010b209e40 000000010b209e40
0x0000700000e3c9d0:   00007f8468015800 0000000100000000
0x0000700000e3c9e0:   0000700000e3cac0 00007f8468015800
0x0000700000e3c9f0:   0000000000000000 000000010b209d70
0x0000700000e3ca00:   0000700000e3caf8 00007f8468015800
0x0000700000e3ca10:   0000700000e3ca40 0000000108b993a5
0x0000700000e3ca20:   00007f8468015800 00007f8468015800
0x0000700000e3ca30:   00000000000000b6 0000700000e3caf8
0x0000700000e3ca40:   0000700000e3cac0 0000000113b1bc9a
0x0000700000e3ca50:   0000000113b1bc52 0000000706db5d50
0x0000700000e3ca60:   000000070a6b5ce8 000000070aa033e0
0x0000700000e3ca70:   000000070ab69de8 0000700000e3ca78 

Instructions: (pc=0x0000000108ecf395)
0x0000000108ecf375:   07 48 89 77 08 c7 47 14 00 00 00 00 5d c3 90 55
0x0000000108ecf385:   48 89 e5 53 50 48 89 fb 48 8b 4b 08 48 63 43 10
0x0000000108ecf395:   40 38 74 01 06 74 26 40 0f be ce 48 8d 3d 6a 87
0x0000000108ecf3a5:   15 00 48 8d 15 92 87 15 00 be 35 00 00 00 31 c0 

Stack slot to memory mapping:
stack at sp + 0 slots: 0x0000000109137a00: _ZTV20ArgumentSizeComputer+0x10 in /Library/Java/JavaVirtualMachines/jdk-11.0.10.jdk/Contents/Home/lib/server/libjvm.dylib at 0x0000000108800000
stack at sp + 1 slots: 0x0000700000e3c8c8 is pointing into the stack for thread: 0x00007f8468015800
stack at sp + 2 slots: 0x0000700000e3c8b0 is pointing into the stack for thread: 0x00007f8468015800
stack at sp + 3 slots: 0x0000000108ecf6db: _ZN17SignatureIterator18iterate_parametersEv+0x1b in /Library/Java/JavaVirtualMachines/jdk-11.0.10.jdk/Contents/Home/lib/server/libjvm.dylib at 0x0000000108800000
stack at sp + 4 slots: 0x0000000109137a00: _ZTV20ArgumentSizeComputer+0x10 in /Library/Java/JavaVirtualMachines/jdk-11.0.10.jdk/Contents/Home/lib/server/libjvm.dylib at 0x0000000108800000
stack at sp + 5 slots: 0x0000700000e3c8c8 is pointing into the stack for thread: 0x00007f8468015800
stack at sp + 6 slots: 0x0000700000e3c900 is pointing into the stack for thread: 0x00007f8468015800
stack at sp + 7 slots: 0x0000000108aea4de: _ZN5frame32interpreter_callee_receiver_addrEP6Symbol+0x40 in /Library/Java/JavaVirtualMachines/jdk-11.0.10.jdk/Contents/Home/lib/server/libjvm.dylib at 0x0000000108800000


---------------  P R O C E S S  ---------------

Threads class SMR info:
_java_thread_list=0x00007f8467533cc0, length=12, elements={
0x00007f8468015800, 0x00007f8467817000, 0x00007f846781c000, 0x00007f846803d000,
0x00007f8469821000, 0x00007f846d08b800, 0x00007f8468040000, 0x00007f8468882800,
0x00007f846807d000, 0x00007f846803f000, 0x00007f846b13a000, 0x00007f8469883800
}

Java Threads: ( => current thread )
=>0x00007f8468015800 JavaThread "main" [_thread_in_vm, id=9987, stack(0x0000700000d3d000,0x0000700000e3d000)]
  0x00007f8467817000 JavaThread "Reference Handler" daemon [_thread_blocked, id=14339, stack(0x0000700001452000,0x0000700001552000)]
  0x00007f846781c000 JavaThread "Finalizer" daemon [_thread_blocked, id=14851, stack(0x0000700001555000,0x0000700001655000)]
  0x00007f846803d000 JavaThread "Signal Dispatcher" daemon [_thread_blocked, id=17155, stack(0x000070000175e000,0x000070000185e000)]
  0x00007f8469821000 JavaThread "C2 CompilerThread0" daemon [_thread_blocked, id=22275, stack(0x0000700001861000,0x0000700001961000)]
  0x00007f846d08b800 JavaThread "C1 CompilerThread0" daemon [_thread_blocked, id=22787, stack(0x0000700001964000,0x0000700001a64000)]
  0x00007f8468040000 JavaThread "Sweeper thread" daemon [_thread_blocked, id=23299, stack(0x0000700001a67000,0x0000700001b67000)]
  0x00007f8468882800 JavaThread "Common-Cleaner" daemon [_thread_blocked, id=23811, stack(0x0000700001b6a000,0x0000700001c6a000)]
  0x00007f846807d000 JavaThread "JDWP Transport Listener: dt_socket" daemon [_thread_blocked, id=24323, stack(0x0000700001c6d000,0x0000700001d6d000)]
  0x00007f846803f000 JavaThread "JDWP Event Helper Thread" daemon [_thread_blocked, id=41987, stack(0x0000700001d70000,0x0000700001e70000)]
  0x00007f846b13a000 JavaThread "JDWP Command Reader" daemon [_thread_in_native, id=41731, stack(0x0000700001e73000,0x0000700001f73000)]
  0x00007f8469883800 JavaThread "Service Thread" daemon [_thread_blocked, id=25347, stack(0x0000700001f76000,0x0000700002076000)]

Other Threads:
  0x00007f846b06a000 VMThread "VM Thread" [stack: 0x000070000134f000,0x000070000144f000] [id=13827]
  0x00007f8469a07800 WatcherThread [stack: 0x0000700002079000,0x0000700002179000] [id=25859]
  0x00007f8469816800 GCTaskThread "GC Thread#0" [stack: 0x0000700000e40000,0x0000700000f40000] [id=20995]
  0x00007f846b295800 GCTaskThread "GC Thread#1" [stack: 0x000070000217c000,0x000070000227c000] [id=40707]
  0x00007f846b29b000 GCTaskThread "GC Thread#2" [stack: 0x000070000227f000,0x000070000237f000] [id=40195]
  0x00007f8467a12800 GCTaskThread "GC Thread#3" [stack: 0x0000700002382000,0x0000700002482000] [id=39939]
  0x00007f8467920000 GCTaskThread "GC Thread#4" [stack: 0x0000700002485000,0x0000700002585000] [id=26627]
  0x00007f8467a08800 GCTaskThread "GC Thread#5" [stack: 0x0000700002588000,0x0000700002688000] [id=39683]
  0x00007f8468843000 ConcurrentGCThread "G1 Main Marker" [stack: 0x0000700000f43000,0x0000700001043000] [id=11523]
  0x00007f8468844000 ConcurrentGCThread "G1 Conc#0" [stack: 0x0000700001046000,0x0000700001146000] [id=12547]
  0x00007f846d088800 ConcurrentGCThread "G1 Refine#0" [stack: 0x0000700001149000,0x0000700001249000] [id=20227]
  0x00007f8467808800 ConcurrentGCThread "G1 Young RemSet Sampling" [stack: 0x000070000124c000,0x000070000134c000] [id=19971]

Threads with active compile tasks:

VM state:not at safepoint (normal execution)

VM Mutex/Monitor currently owned by a thread: None

Heap address: 0x0000000700000000, size: 4096 MB, Compressed Oops mode: Zero based, Oop shift amount: 3
Narrow klass base: 0x0000000800000000, Narrow klass shift: 0
Compressed class space size: 1073741824 Address: 0x0000000800000000

Heap:
 garbage-first heap   total 262144K, used 113695K [0x0000000700000000, 0x0000000800000000)
  region size 1024K, 99 young (101376K), 8 survivors (8192K)
 Metaspace       used 20223K, capacity 20489K, committed 20992K, reserved 1069056K
  class space    used 1863K, capacity 1929K, committed 2048K, reserved 1048576K
Heap Regions: E=young(eden), S=young(survivor), O=old, HS=humongous(starts), HC=humongous(continues), CS=collection set, F=free, A=archive, TAMS=top-at-mark-start (previous, next)
|   0|0x0000000700000000, 0x0000000700100000, 0x0000000700100000|100%|HS|  |TAMS 0x0000000700000000, 0x0000000700000000| Complete 
|   1|0x0000000700100000, 0x0000000700200000, 0x0000000700200000|100%|HC|  |TAMS 0x0000000700100000, 0x0000000700100000| Complete 
|   2|0x0000000700200000, 0x0000000700300000, 0x0000000700300000|100%|HS|  |TAMS 0x0000000700200000, 0x0000000700200000| Complete 
|   3|0x0000000700300000, 0x0000000700400000, 0x0000000700400000|100%|HC|  |TAMS 0x0000000700300000, 0x0000000700300000| Complete 
|   4|0x0000000700400000, 0x0000000700500000, 0x0000000700500000|100%|HS|  |TAMS 0x0000000700400000, 0x0000000700400000| Complete 
|   5|0x0000000700500000, 0x0000000700600000, 0x0000000700600000|100%|HC|  |TAMS 0x0000000700500000, 0x0000000700500000| Complete 
|   6|0x0000000700600000, 0x0000000700700000, 0x0000000700700000|100%|HC|  |TAMS 0x0000000700600000, 0x0000000700600000| Complete 
|   7|0x0000000700700000, 0x0000000700800000, 0x0000000700800000|100%| O|  |TAMS 0x0000000700700000, 0x0000000700700000| Untracked 
|   8|0x0000000700800000, 0x0000000700900000, 0x0000000700900000|100%| O|  |TAMS 0x0000000700800000, 0x0000000700800000| Untracked 
|   9|0x0000000700900000, 0x0000000700a00000, 0x0000000700a00000|100%| O|  |TAMS 0x0000000700900000, 0x0000000700900000| Untracked 
|  10|0x0000000700a00000, 0x0000000700b00000, 0x0000000700b00000|100%| O|  |TAMS 0x0000000700a00000, 0x0000000700a00000| Untracked 
|  11|0x0000000700b00000, 0x0000000700c00000, 0x0000000700c00000|100%| O|  |TAMS 0x0000000700b00000, 0x0000000700b00000| Untracked 
|  12|0x0000000700c00000, 0x0000000700d00000, 0x0000000700d00000|100%| O|  |TAMS 0x0000000700c00000, 0x0000000700c00000| Untracked 
|  13|0x0000000700d00000, 0x0000000700d16600, 0x0000000700e00000|  8%| O|  |TAMS 0x0000000700d00000, 0x0000000700d00000| Untracked 
|  14|0x0000000700e00000, 0x0000000700e00000, 0x0000000700f00000|  0%| F|  |TAMS 0x0000000700e00000, 0x0000000700e00000| Untracked 
|  15|0x0000000700f00000, 0x0000000700f00000, 0x0000000701000000|  0%| F|  |TAMS 0x0000000700f00000, 0x0000000700f00000| Untracked 
|  16|0x0000000701000000, 0x0000000701000000, 0x0000000701100000|  0%| F|  |TAMS 0x0000000701000000, 0x0000000701000000| Untracked 
|  17|0x0000000701100000, 0x0000000701100000, 0x0000000701200000|  0%| F|  |TAMS 0x0000000701100000, 0x0000000701100000| Untracked 
|  18|0x0000000701200000, 0x0000000701200000, 0x0000000701300000|  0%| F|  |TAMS 0x0000000701200000, 0x0000000701200000| Untracked 
|  19|0x0000000701300000, 0x0000000701300000, 0x0000000701400000|  0%| F|  |TAMS 0x0000000701300000, 0x0000000701300000| Untracked 
|  20|0x0000000701400000, 0x0000000701400000, 0x0000000701500000|  0%| F|  |TAMS 0x0000000701400000, 0x0000000701400000| Untracked 
|  21|0x0000000701500000, 0x0000000701500000, 0x0000000701600000|  0%| F|  |TAMS 0x0000000701500000, 0x0000000701500000| Untracked 
|  22|0x0000000701600000, 0x0000000701600000, 0x0000000701700000|  0%| F|  |TAMS 0x0000000701600000, 0x0000000701600000| Untracked 
|  23|0x0000000701700000, 0x0000000701700000, 0x0000000701800000|  0%| F|  |TAMS 0x0000000701700000, 0x0000000701700000| Untracked 
|  24|0x0000000701800000, 0x0000000701800000, 0x0000000701900000|  0%| F|  |TAMS 0x0000000701800000, 0x0000000701800000| Untracked 
|  25|0x0000000701900000, 0x0000000701900000, 0x0000000701a00000|  0%| F|  |TAMS 0x0000000701900000, 0x0000000701900000| Untracked 
|  26|0x0000000701a00000, 0x0000000701a00000, 0x0000000701b00000|  0%| F|  |TAMS 0x0000000701a00000, 0x0000000701a00000| Untracked 
|  27|0x0000000701b00000, 0x0000000701b00000, 0x0000000701c00000|  0%| F|  |TAMS 0x0000000701b00000, 0x0000000701b00000| Untracked 
|  28|0x0000000701c00000, 0x0000000701c00000, 0x0000000701d00000|  0%| F|  |TAMS 0x0000000701c00000, 0x0000000701c00000| Untracked 
|  29|0x0000000701d00000, 0x0000000701d00000, 0x0000000701e00000|  0%| F|  |TAMS 0x0000000701d00000, 0x0000000701d00000| Untracked 
|  30|0x0000000701e00000, 0x0000000701e00000, 0x0000000701f00000|  0%| F|  |TAMS 0x0000000701e00000, 0x0000000701e00000| Untracked 
|  31|0x0000000701f00000, 0x0000000701f00000, 0x0000000702000000|  0%| F|  |TAMS 0x0000000701f00000, 0x0000000701f00000| Untracked 
|  32|0x0000000702000000, 0x0000000702000000, 0x0000000702100000|  0%| F|  |TAMS 0x0000000702000000, 0x0000000702000000| Untracked 
|  33|0x0000000702100000, 0x0000000702100000, 0x0000000702200000|  0%| F|  |TAMS 0x0000000702100000, 0x0000000702100000| Untracked 
|  34|0x0000000702200000, 0x0000000702200000, 0x0000000702300000|  0%| F|  |TAMS 0x0000000702200000, 0x0000000702200000| Untracked 
|  35|0x0000000702300000, 0x0000000702300000, 0x0000000702400000|  0%| F|  |TAMS 0x0000000702300000, 0x0000000702300000| Untracked 
|  36|0x0000000702400000, 0x0000000702400000, 0x0000000702500000|  0%| F|  |TAMS 0x0000000702400000, 0x0000000702400000| Untracked 
|  37|0x0000000702500000, 0x0000000702500000, 0x0000000702600000|  0%| F|  |TAMS 0x0000000702500000, 0x0000000702500000| Untracked 
|  38|0x0000000702600000, 0x0000000702600000, 0x0000000702700000|  0%| F|  |TAMS 0x0000000702600000, 0x0000000702600000| Untracked 
|  39|0x0000000702700000, 0x0000000702700000, 0x0000000702800000|  0%| F|  |TAMS 0x0000000702700000, 0x0000000702700000| Untracked 
|  40|0x0000000702800000, 0x0000000702800000, 0x0000000702900000|  0%| F|  |TAMS 0x0000000702800000, 0x0000000702800000| Untracked 
|  41|0x0000000702900000, 0x0000000702900000, 0x0000000702a00000|  0%| F|  |TAMS 0x0000000702900000, 0x0000000702900000| Untracked 
|  42|0x0000000702a00000, 0x0000000702a00000, 0x0000000702b00000|  0%| F|  |TAMS 0x0000000702a00000, 0x0000000702a00000| Untracked 
|  43|0x0000000702b00000, 0x0000000702b00000, 0x0000000702c00000|  0%| F|  |TAMS 0x0000000702b00000, 0x0000000702b00000| Untracked 
|  44|0x0000000702c00000, 0x0000000702c00000, 0x0000000702d00000|  0%| F|  |TAMS 0x0000000702c00000, 0x0000000702c00000| Untracked 
|  45|0x0000000702d00000, 0x0000000702d00000, 0x0000000702e00000|  0%| F|  |TAMS 0x0000000702d00000, 0x0000000702d00000| Untracked 
|  46|0x0000000702e00000, 0x0000000702e00000, 0x0000000702f00000|  0%| F|  |TAMS 0x0000000702e00000, 0x0000000702e00000| Untracked 
|  47|0x0000000702f00000, 0x0000000702f00000, 0x0000000703000000|  0%| F|  |TAMS 0x0000000702f00000, 0x0000000702f00000| Untracked 
|  48|0x0000000703000000, 0x0000000703000000, 0x0000000703100000|  0%| F|  |TAMS 0x0000000703000000, 0x0000000703000000| Untracked 
|  49|0x0000000703100000, 0x0000000703100000, 0x0000000703200000|  0%| F|  |TAMS 0x0000000703100000, 0x0000000703100000| Untracked 
|  50|0x0000000703200000, 0x0000000703200000, 0x0000000703300000|  0%| F|  |TAMS 0x0000000703200000, 0x0000000703200000| Untracked 
|  51|0x0000000703300000, 0x0000000703300000, 0x0000000703400000|  0%| F|  |TAMS 0x0000000703300000, 0x0000000703300000| Untracked 
|  52|0x0000000703400000, 0x0000000703400000, 0x0000000703500000|  0%| F|  |TAMS 0x0000000703400000, 0x0000000703400000| Untracked 
|  53|0x0000000703500000, 0x0000000703500000, 0x0000000703600000|  0%| F|  |TAMS 0x0000000703500000, 0x0000000703500000| Untracked 
|  54|0x0000000703600000, 0x0000000703600000, 0x0000000703700000|  0%| F|  |TAMS 0x0000000703600000, 0x0000000703600000| Untracked 
|  55|0x0000000703700000, 0x0000000703700000, 0x0000000703800000|  0%| F|  |TAMS 0x0000000703700000, 0x0000000703700000| Untracked 
|  56|0x0000000703800000, 0x0000000703800000, 0x0000000703900000|  0%| F|  |TAMS 0x0000000703800000, 0x0000000703800000| Untracked 
|  57|0x0000000703900000, 0x0000000703900000, 0x0000000703a00000|  0%| F|  |TAMS 0x0000000703900000, 0x0000000703900000| Untracked 
|  58|0x0000000703a00000, 0x0000000703a00000, 0x0000000703b00000|  0%| F|  |TAMS 0x0000000703a00000, 0x0000000703a00000| Untracked 
|  59|0x0000000703b00000, 0x0000000703b00000, 0x0000000703c00000|  0%| F|  |TAMS 0x0000000703b00000, 0x0000000703b00000| Untracked 
|  60|0x0000000703c00000, 0x0000000703c00000, 0x0000000703d00000|  0%| F|  |TAMS 0x0000000703c00000, 0x0000000703c00000| Untracked 
|  61|0x0000000703d00000, 0x0000000703d00000, 0x0000000703e00000|  0%| F|  |TAMS 0x0000000703d00000, 0x0000000703d00000| Untracked 
|  62|0x0000000703e00000, 0x0000000703e00000, 0x0000000703f00000|  0%| F|  |TAMS 0x0000000703e00000, 0x0000000703e00000| Untracked 
|  63|0x0000000703f00000, 0x0000000703f00000, 0x0000000704000000|  0%| F|  |TAMS 0x0000000703f00000, 0x0000000703f00000| Untracked 
|  64|0x0000000704000000, 0x0000000704000000, 0x0000000704100000|  0%| F|  |TAMS 0x0000000704000000, 0x0000000704000000| Untracked 
|  65|0x0000000704100000, 0x0000000704100000, 0x0000000704200000|  0%| F|  |TAMS 0x0000000704100000, 0x0000000704100000| Untracked 
|  66|0x0000000704200000, 0x0000000704200000, 0x0000000704300000|  0%| F|  |TAMS 0x0000000704200000, 0x0000000704200000| Untracked 
|  67|0x0000000704300000, 0x0000000704300000, 0x0000000704400000|  0%| F|  |TAMS 0x0000000704300000, 0x0000000704300000| Untracked 
|  68|0x0000000704400000, 0x0000000704400000, 0x0000000704500000|  0%| F|  |TAMS 0x0000000704400000, 0x0000000704400000| Untracked 
|  69|0x0000000704500000, 0x0000000704500000, 0x0000000704600000|  0%| F|  |TAMS 0x0000000704500000, 0x0000000704500000| Untracked 
|  70|0x0000000704600000, 0x0000000704600000, 0x0000000704700000|  0%| F|  |TAMS 0x0000000704600000, 0x0000000704600000| Untracked 
|  71|0x0000000704700000, 0x0000000704700000, 0x0000000704800000|  0%| F|  |TAMS 0x0000000704700000, 0x0000000704700000| Untracked 
|  72|0x0000000704800000, 0x0000000704800000, 0x0000000704900000|  0%| F|  |TAMS 0x0000000704800000, 0x0000000704800000| Untracked 
|  73|0x0000000704900000, 0x0000000704900000, 0x0000000704a00000|  0%| F|  |TAMS 0x0000000704900000, 0x0000000704900000| Untracked 
|  74|0x0000000704a00000, 0x0000000704a00000, 0x0000000704b00000|  0%| F|  |TAMS 0x0000000704a00000, 0x0000000704a00000| Untracked 
|  75|0x0000000704b00000, 0x0000000704b00000, 0x0000000704c00000|  0%| F|  |TAMS 0x0000000704b00000, 0x0000000704b00000| Untracked 
|  76|0x0000000704c00000, 0x0000000704c00000, 0x0000000704d00000|  0%| F|  |TAMS 0x0000000704c00000, 0x0000000704c00000| Untracked 
|  77|0x0000000704d00000, 0x0000000704d00000, 0x0000000704e00000|  0%| F|  |TAMS 0x0000000704d00000, 0x0000000704d00000| Untracked 
|  78|0x0000000704e00000, 0x0000000704e00000, 0x0000000704f00000|  0%| F|  |TAMS 0x0000000704e00000, 0x0000000704e00000| Untracked 
|  79|0x0000000704f00000, 0x0000000704f00000, 0x0000000705000000|  0%| F|  |TAMS 0x0000000704f00000, 0x0000000704f00000| Untracked 
|  80|0x0000000705000000, 0x0000000705000000, 0x0000000705100000|  0%| F|  |TAMS 0x0000000705000000, 0x0000000705000000| Untracked 
|  81|0x0000000705100000, 0x0000000705100000, 0x0000000705200000|  0%| F|  |TAMS 0x0000000705100000, 0x0000000705100000| Untracked 
|  82|0x0000000705200000, 0x0000000705200000, 0x0000000705300000|  0%| F|  |TAMS 0x0000000705200000, 0x0000000705200000| Untracked 
|  83|0x0000000705300000, 0x0000000705300000, 0x0000000705400000|  0%| F|  |TAMS 0x0000000705300000, 0x0000000705300000| Untracked 
|  84|0x0000000705400000, 0x0000000705400000, 0x0000000705500000|  0%| F|  |TAMS 0x0000000705400000, 0x0000000705400000| Untracked 
|  85|0x0000000705500000, 0x0000000705500000, 0x0000000705600000|  0%| F|  |TAMS 0x0000000705500000, 0x0000000705500000| Untracked 
|  86|0x0000000705600000, 0x0000000705600000, 0x0000000705700000|  0%| F|  |TAMS 0x0000000705600000, 0x0000000705600000| Untracked 
|  87|0x0000000705700000, 0x0000000705700000, 0x0000000705800000|  0%| F|  |TAMS 0x0000000705700000, 0x0000000705700000| Untracked 
|  88|0x0000000705800000, 0x0000000705800000, 0x0000000705900000|  0%| F|  |TAMS 0x0000000705800000, 0x0000000705800000| Untracked 
|  89|0x0000000705900000, 0x0000000705900000, 0x0000000705a00000|  0%| F|  |TAMS 0x0000000705900000, 0x0000000705900000| Untracked 
|  90|0x0000000705a00000, 0x0000000705a00000, 0x0000000705b00000|  0%| F|  |TAMS 0x0000000705a00000, 0x0000000705a00000| Untracked 
|  91|0x0000000705b00000, 0x0000000705b00000, 0x0000000705c00000|  0%| F|  |TAMS 0x0000000705b00000, 0x0000000705b00000| Untracked 
|  92|0x0000000705c00000, 0x0000000705c00000, 0x0000000705d00000|  0%| F|  |TAMS 0x0000000705c00000, 0x0000000705c00000| Untracked 
|  93|0x0000000705d00000, 0x0000000705d00000, 0x0000000705e00000|  0%| F|  |TAMS 0x0000000705d00000, 0x0000000705d00000| Untracked 
|  94|0x0000000705e00000, 0x0000000705e00000, 0x0000000705f00000|  0%| F|  |TAMS 0x0000000705e00000, 0x0000000705e00000| Untracked 
|  95|0x0000000705f00000, 0x0000000705ff1710, 0x0000000706000000| 94%| S|CS|TAMS 0x0000000705f00000, 0x0000000705f00000| Complete 
|  96|0x0000000706000000, 0x0000000706100000, 0x0000000706100000|100%| S|CS|TAMS 0x0000000706000000, 0x0000000706000000| Complete 
|  97|0x0000000706100000, 0x0000000706200000, 0x0000000706200000|100%| S|CS|TAMS 0x0000000706100000, 0x0000000706100000| Complete 
|  98|0x0000000706200000, 0x0000000706200000, 0x0000000706300000|  0%| F|  |TAMS 0x0000000706200000, 0x0000000706200000| Untracked 
|  99|0x0000000706300000, 0x0000000706300000, 0x0000000706400000|  0%| F|  |TAMS 0x0000000706300000, 0x0000000706300000| Untracked 
| 100|0x0000000706400000, 0x0000000706400000, 0x0000000706500000|  0%| F|  |TAMS 0x0000000706400000, 0x0000000706400000| Untracked 
| 101|0x0000000706500000, 0x0000000706500000, 0x0000000706600000|  0%| F|  |TAMS 0x0000000706500000, 0x0000000706500000| Untracked 
| 102|0x0000000706600000, 0x0000000706600000, 0x0000000706700000|  0%| F|  |TAMS 0x0000000706600000, 0x0000000706600000| Untracked 
| 103|0x0000000706700000, 0x0000000706700000, 0x0000000706800000|  0%| F|  |TAMS 0x0000000706700000, 0x0000000706700000| Untracked 
| 104|0x0000000706800000, 0x0000000706800000, 0x0000000706900000|  0%| F|  |TAMS 0x0000000706800000, 0x0000000706800000| Untracked 
| 105|0x0000000706900000, 0x0000000706a00000, 0x0000000706a00000|100%| S|CS|TAMS 0x0000000706900000, 0x0000000706900000| Complete 
| 106|0x0000000706a00000, 0x0000000706b00000, 0x0000000706b00000|100%| S|CS|TAMS 0x0000000706a00000, 0x0000000706a00000| Complete 
| 107|0x0000000706b00000, 0x0000000706c00000, 0x0000000706c00000|100%| S|CS|TAMS 0x0000000706b00000, 0x0000000706b00000| Complete 
| 108|0x0000000706c00000, 0x0000000706d00000, 0x0000000706d00000|100%| S|CS|TAMS 0x0000000706c00000, 0x0000000706c00000| Complete 
| 109|0x0000000706d00000, 0x0000000706e00000, 0x0000000706e00000|100%| S|CS|TAMS 0x0000000706d00000, 0x0000000706d00000| Complete 
| 110|0x0000000706e00000, 0x0000000706e00000, 0x0000000706f00000|  0%| F|  |TAMS 0x0000000706e00000, 0x0000000706e00000| Untracked 
| 111|0x0000000706f00000, 0x0000000706f00000, 0x0000000707000000|  0%| F|  |TAMS 0x0000000706f00000, 0x0000000706f00000| Untracked 
| 112|0x0000000707000000, 0x0000000707000000, 0x0000000707100000|  0%| F|  |TAMS 0x0000000707000000, 0x0000000707000000| Untracked 
| 113|0x0000000707100000, 0x0000000707100000, 0x0000000707200000|  0%| F|  |TAMS 0x0000000707100000, 0x0000000707100000| Untracked 
| 114|0x0000000707200000, 0x0000000707200000, 0x0000000707300000|  0%| F|  |TAMS 0x0000000707200000, 0x0000000707200000| Untracked 
| 115|0x0000000707300000, 0x0000000707300000, 0x0000000707400000|  0%| F|  |TAMS 0x0000000707300000, 0x0000000707300000| Untracked 
| 116|0x0000000707400000, 0x0000000707400000, 0x0000000707500000|  0%| F|  |TAMS 0x0000000707400000, 0x0000000707400000| Untracked 
| 117|0x0000000707500000, 0x0000000707500000, 0x0000000707600000|  0%| F|  |TAMS 0x0000000707500000, 0x0000000707500000| Untracked 
| 118|0x0000000707600000, 0x0000000707600000, 0x0000000707700000|  0%| F|  |TAMS 0x0000000707600000, 0x0000000707600000| Untracked 
| 119|0x0000000707700000, 0x0000000707700000, 0x0000000707800000|  0%| F|  |TAMS 0x0000000707700000, 0x0000000707700000| Untracked 
| 120|0x0000000707800000, 0x0000000707800000, 0x0000000707900000|  0%| F|  |TAMS 0x0000000707800000, 0x0000000707800000| Untracked 
| 121|0x0000000707900000, 0x0000000707900000, 0x0000000707a00000|  0%| F|  |TAMS 0x0000000707900000, 0x0000000707900000| Untracked 
| 122|0x0000000707a00000, 0x0000000707a00000, 0x0000000707b00000|  0%| F|  |TAMS 0x0000000707a00000, 0x0000000707a00000| Untracked 
| 123|0x0000000707b00000, 0x0000000707b00000, 0x0000000707c00000|  0%| F|  |TAMS 0x0000000707b00000, 0x0000000707b00000| Untracked 
| 124|0x0000000707c00000, 0x0000000707c00000, 0x0000000707d00000|  0%| F|  |TAMS 0x0000000707c00000, 0x0000000707c00000| Untracked 
| 125|0x0000000707d00000, 0x0000000707d00000, 0x0000000707e00000|  0%| F|  |TAMS 0x0000000707d00000, 0x0000000707d00000| Untracked 
| 126|0x0000000707e00000, 0x0000000707e00000, 0x0000000707f00000|  0%| F|  |TAMS 0x0000000707e00000, 0x0000000707e00000| Untracked 
| 127|0x0000000707f00000, 0x0000000707f00000, 0x0000000708000000|  0%| F|  |TAMS 0x0000000707f00000, 0x0000000707f00000| Untracked 
| 128|0x0000000708000000, 0x0000000708000000, 0x0000000708100000|  0%| F|  |TAMS 0x0000000708000000, 0x0000000708000000| Untracked 
| 129|0x0000000708100000, 0x0000000708100000, 0x0000000708200000|  0%| F|  |TAMS 0x0000000708100000, 0x0000000708100000| Untracked 
| 130|0x0000000708200000, 0x0000000708200000, 0x0000000708300000|  0%| F|  |TAMS 0x0000000708200000, 0x0000000708200000| Untracked 
| 131|0x0000000708300000, 0x0000000708300000, 0x0000000708400000|  0%| F|  |TAMS 0x0000000708300000, 0x0000000708300000| Untracked 
| 132|0x0000000708400000, 0x0000000708400000, 0x0000000708500000|  0%| F|  |TAMS 0x0000000708400000, 0x0000000708400000| Untracked 
| 133|0x0000000708500000, 0x0000000708500000, 0x0000000708600000|  0%| F|  |TAMS 0x0000000708500000, 0x0000000708500000| Untracked 
| 134|0x0000000708600000, 0x0000000708600000, 0x0000000708700000|  0%| F|  |TAMS 0x0000000708600000, 0x0000000708600000| Untracked 
| 135|0x0000000708700000, 0x0000000708700000, 0x0000000708800000|  0%| F|  |TAMS 0x0000000708700000, 0x0000000708700000| Untracked 
| 136|0x0000000708800000, 0x0000000708800000, 0x0000000708900000|  0%| F|  |TAMS 0x0000000708800000, 0x0000000708800000| Untracked 
| 137|0x0000000708900000, 0x0000000708900000, 0x0000000708a00000|  0%| F|  |TAMS 0x0000000708900000, 0x0000000708900000| Untracked 
| 138|0x0000000708a00000, 0x0000000708a00000, 0x0000000708b00000|  0%| F|  |TAMS 0x0000000708a00000, 0x0000000708a00000| Untracked 
| 139|0x0000000708b00000, 0x0000000708b00000, 0x0000000708c00000|  0%| F|  |TAMS 0x0000000708b00000, 0x0000000708b00000| Untracked 
| 140|0x0000000708c00000, 0x0000000708c00000, 0x0000000708d00000|  0%| F|  |TAMS 0x0000000708c00000, 0x0000000708c00000| Untracked 
| 141|0x0000000708d00000, 0x0000000708d00000, 0x0000000708e00000|  0%| F|  |TAMS 0x0000000708d00000, 0x0000000708d00000| Untracked 
| 142|0x0000000708e00000, 0x0000000708e00000, 0x0000000708f00000|  0%| F|  |TAMS 0x0000000708e00000, 0x0000000708e00000| Untracked 
| 143|0x0000000708f00000, 0x0000000708f00000, 0x0000000709000000|  0%| F|  |TAMS 0x0000000708f00000, 0x0000000708f00000| Untracked 
| 144|0x0000000709000000, 0x0000000709000000, 0x0000000709100000|  0%| F|  |TAMS 0x0000000709000000, 0x0000000709000000| Untracked 
| 145|0x0000000709100000, 0x0000000709100000, 0x0000000709200000|  0%| F|  |TAMS 0x0000000709100000, 0x0000000709100000| Untracked 
| 146|0x0000000709200000, 0x0000000709200000, 0x0000000709300000|  0%| F|  |TAMS 0x0000000709200000, 0x0000000709200000| Untracked 
| 147|0x0000000709300000, 0x0000000709300000, 0x0000000709400000|  0%| F|  |TAMS 0x0000000709300000, 0x0000000709300000| Untracked 
| 148|0x0000000709400000, 0x0000000709400000, 0x0000000709500000|  0%| F|  |TAMS 0x0000000709400000, 0x0000000709400000| Untracked 
| 149|0x0000000709500000, 0x0000000709500000, 0x0000000709600000|  0%| F|  |TAMS 0x0000000709500000, 0x0000000709500000| Untracked 
| 150|0x0000000709600000, 0x0000000709600000, 0x0000000709700000|  0%| F|  |TAMS 0x0000000709600000, 0x0000000709600000| Untracked 
| 151|0x0000000709700000, 0x0000000709700000, 0x0000000709800000|  0%| F|  |TAMS 0x0000000709700000, 0x0000000709700000| Untracked 
| 152|0x0000000709800000, 0x0000000709800000, 0x0000000709900000|  0%| F|  |TAMS 0x0000000709800000, 0x0000000709800000| Untracked 
| 153|0x0000000709900000, 0x0000000709900000, 0x0000000709a00000|  0%| F|  |TAMS 0x0000000709900000, 0x0000000709900000| Untracked 
| 154|0x0000000709a00000, 0x0000000709a00000, 0x0000000709b00000|  0%| F|  |TAMS 0x0000000709a00000, 0x0000000709a00000| Untracked 
| 155|0x0000000709b00000, 0x0000000709b00000, 0x0000000709c00000|  0%| F|  |TAMS 0x0000000709b00000, 0x0000000709b00000| Untracked 
| 156|0x0000000709c00000, 0x0000000709c00000, 0x0000000709d00000|  0%| F|  |TAMS 0x0000000709c00000, 0x0000000709c00000| Untracked 
| 157|0x0000000709d00000, 0x0000000709d00000, 0x0000000709e00000|  0%| F|  |TAMS 0x0000000709d00000, 0x0000000709d00000| Untracked 
| 158|0x0000000709e00000, 0x0000000709e00000, 0x0000000709f00000|  0%| F|  |TAMS 0x0000000709e00000, 0x0000000709e00000| Untracked 
| 159|0x0000000709f00000, 0x0000000709f00000, 0x000000070a000000|  0%| F|  |TAMS 0x0000000709f00000, 0x0000000709f00000| Untracked 
| 160|0x000000070a000000, 0x000000070a000000, 0x000000070a100000|  0%| F|  |TAMS 0x000000070a000000, 0x000000070a000000| Untracked 
| 161|0x000000070a100000, 0x000000070a100000, 0x000000070a200000|  0%| F|  |TAMS 0x000000070a100000, 0x000000070a100000| Untracked 
| 162|0x000000070a200000, 0x000000070a200000, 0x000000070a300000|  0%| F|  |TAMS 0x000000070a200000, 0x000000070a200000| Untracked 
| 163|0x000000070a300000, 0x000000070a300000, 0x000000070a400000|  0%| F|  |TAMS 0x000000070a300000, 0x000000070a300000| Untracked 
| 164|0x000000070a400000, 0x000000070a400000, 0x000000070a500000|  0%| F|  |TAMS 0x000000070a400000, 0x000000070a400000| Untracked 
| 165|0x000000070a500000, 0x000000070a580800, 0x000000070a600000| 50%| E|  |TAMS 0x000000070a500000, 0x000000070a500000| Complete 
| 166|0x000000070a600000, 0x000000070a700000, 0x000000070a700000|100%| E|CS|TAMS 0x000000070a600000, 0x000000070a600000| Complete 
| 167|0x000000070a700000, 0x000000070a800000, 0x000000070a800000|100%| E|CS|TAMS 0x000000070a700000, 0x000000070a700000| Complete 
| 168|0x000000070a800000, 0x000000070a900000, 0x000000070a900000|100%| E|CS|TAMS 0x000000070a800000, 0x000000070a800000| Complete 
| 169|0x000000070a900000, 0x000000070aa00000, 0x000000070aa00000|100%| E|CS|TAMS 0x000000070a900000, 0x000000070a900000| Complete 
| 170|0x000000070aa00000, 0x000000070ab00000, 0x000000070ab00000|100%| E|CS|TAMS 0x000000070aa00000, 0x000000070aa00000| Complete 
| 171|0x000000070ab00000, 0x000000070ac00000, 0x000000070ac00000|100%| E|CS|TAMS 0x000000070ab00000, 0x000000070ab00000| Complete 
| 172|0x000000070ac00000, 0x000000070ad00000, 0x000000070ad00000|100%| E|CS|TAMS 0x000000070ac00000, 0x000000070ac00000| Complete 
| 173|0x000000070ad00000, 0x000000070ae00000, 0x000000070ae00000|100%| E|CS|TAMS 0x000000070ad00000, 0x000000070ad00000| Complete 
| 174|0x000000070ae00000, 0x000000070af00000, 0x000000070af00000|100%| E|CS|TAMS 0x000000070ae00000, 0x000000070ae00000| Complete 
| 175|0x000000070af00000, 0x000000070b000000, 0x000000070b000000|100%| E|CS|TAMS 0x000000070af00000, 0x000000070af00000| Complete 
| 176|0x000000070b000000, 0x000000070b100000, 0x000000070b100000|100%| E|CS|TAMS 0x000000070b000000, 0x000000070b000000| Complete 
| 177|0x000000070b100000, 0x000000070b200000, 0x000000070b200000|100%| E|CS|TAMS 0x000000070b100000, 0x000000070b100000| Complete 
| 178|0x000000070b200000, 0x000000070b300000, 0x000000070b300000|100%| E|CS|TAMS 0x000000070b200000, 0x000000070b200000| Complete 
| 179|0x000000070b300000, 0x000000070b400000, 0x000000070b400000|100%| E|CS|TAMS 0x000000070b300000, 0x000000070b300000| Complete 
| 180|0x000000070b400000, 0x000000070b500000, 0x000000070b500000|100%| E|CS|TAMS 0x000000070b400000, 0x000000070b400000| Complete 
| 181|0x000000070b500000, 0x000000070b600000, 0x000000070b600000|100%| E|CS|TAMS 0x000000070b500000, 0x000000070b500000| Complete 
| 182|0x000000070b600000, 0x000000070b700000, 0x000000070b700000|100%| E|CS|TAMS 0x000000070b600000, 0x000000070b600000| Complete 
| 183|0x000000070b700000, 0x000000070b800000, 0x000000070b800000|100%| E|CS|TAMS 0x000000070b700000, 0x000000070b700000| Complete 
| 184|0x000000070b800000, 0x000000070b900000, 0x000000070b900000|100%| E|CS|TAMS 0x000000070b800000, 0x000000070b800000| Complete 
| 185|0x000000070b900000, 0x000000070ba00000, 0x000000070ba00000|100%| E|CS|TAMS 0x000000070b900000, 0x000000070b900000| Complete 
| 186|0x000000070ba00000, 0x000000070bb00000, 0x000000070bb00000|100%| E|CS|TAMS 0x000000070ba00000, 0x000000070ba00000| Complete 
| 187|0x000000070bb00000, 0x000000070bc00000, 0x000000070bc00000|100%| E|CS|TAMS 0x000000070bb00000, 0x000000070bb00000| Complete 
| 188|0x000000070bc00000, 0x000000070bd00000, 0x000000070bd00000|100%| E|CS|TAMS 0x000000070bc00000, 0x000000070bc00000| Complete 
| 189|0x000000070bd00000, 0x000000070be00000, 0x000000070be00000|100%| E|CS|TAMS 0x000000070bd00000, 0x000000070bd00000| Complete 
| 190|0x000000070be00000, 0x000000070bf00000, 0x000000070bf00000|100%| E|CS|TAMS 0x000000070be00000, 0x000000070be00000| Complete 
| 191|0x000000070bf00000, 0x000000070c000000, 0x000000070c000000|100%| E|CS|TAMS 0x000000070bf00000, 0x000000070bf00000| Complete 
| 192|0x000000070c000000, 0x000000070c100000, 0x000000070c100000|100%| E|CS|TAMS 0x000000070c000000, 0x000000070c000000| Complete 
| 193|0x000000070c100000, 0x000000070c200000, 0x000000070c200000|100%| E|CS|TAMS 0x000000070c100000, 0x000000070c100000| Complete 
| 194|0x000000070c200000, 0x000000070c300000, 0x000000070c300000|100%| E|CS|TAMS 0x000000070c200000, 0x000000070c200000| Complete 
| 195|0x000000070c300000, 0x000000070c400000, 0x000000070c400000|100%| E|CS|TAMS 0x000000070c300000, 0x000000070c300000| Complete 
| 196|0x000000070c400000, 0x000000070c500000, 0x000000070c500000|100%| E|CS|TAMS 0x000000070c400000, 0x000000070c400000| Complete 
| 197|0x000000070c500000, 0x000000070c600000, 0x000000070c600000|100%| E|CS|TAMS 0x000000070c500000, 0x000000070c500000| Complete 
| 198|0x000000070c600000, 0x000000070c700000, 0x000000070c700000|100%| E|CS|TAMS 0x000000070c600000, 0x000000070c600000| Complete 
| 199|0x000000070c700000, 0x000000070c800000, 0x000000070c800000|100%| E|CS|TAMS 0x000000070c700000, 0x000000070c700000| Complete 
| 200|0x000000070c800000, 0x000000070c900000, 0x000000070c900000|100%| E|CS|TAMS 0x000000070c800000, 0x000000070c800000| Complete 
| 201|0x000000070c900000, 0x000000070ca00000, 0x000000070ca00000|100%| E|CS|TAMS 0x000000070c900000, 0x000000070c900000| Complete 
| 202|0x000000070ca00000, 0x000000070cb00000, 0x000000070cb00000|100%| E|CS|TAMS 0x000000070ca00000, 0x000000070ca00000| Complete 
| 203|0x000000070cb00000, 0x000000070cc00000, 0x000000070cc00000|100%| E|CS|TAMS 0x000000070cb00000, 0x000000070cb00000| Complete 
| 204|0x000000070cc00000, 0x000000070cd00000, 0x000000070cd00000|100%| E|CS|TAMS 0x000000070cc00000, 0x000000070cc00000| Complete 
| 205|0x000000070cd00000, 0x000000070ce00000, 0x000000070ce00000|100%| E|CS|TAMS 0x000000070cd00000, 0x000000070cd00000| Complete 
| 206|0x000000070ce00000, 0x000000070cf00000, 0x000000070cf00000|100%| E|CS|TAMS 0x000000070ce00000, 0x000000070ce00000| Complete 
| 207|0x000000070cf00000, 0x000000070d000000, 0x000000070d000000|100%| E|CS|TAMS 0x000000070cf00000, 0x000000070cf00000| Complete 
| 208|0x000000070d000000, 0x000000070d100000, 0x000000070d100000|100%| E|CS|TAMS 0x000000070d000000, 0x000000070d000000| Complete 
| 209|0x000000070d100000, 0x000000070d200000, 0x000000070d200000|100%| E|CS|TAMS 0x000000070d100000, 0x000000070d100000| Complete 
| 210|0x000000070d200000, 0x000000070d300000, 0x000000070d300000|100%| E|CS|TAMS 0x000000070d200000, 0x000000070d200000| Complete 
| 211|0x000000070d300000, 0x000000070d400000, 0x000000070d400000|100%| E|CS|TAMS 0x000000070d300000, 0x000000070d300000| Complete 
| 212|0x000000070d400000, 0x000000070d500000, 0x000000070d500000|100%| E|CS|TAMS 0x000000070d400000, 0x000000070d400000| Complete 
| 213|0x000000070d500000, 0x000000070d600000, 0x000000070d600000|100%| E|CS|TAMS 0x000000070d500000, 0x000000070d500000| Complete 
| 214|0x000000070d600000, 0x000000070d700000, 0x000000070d700000|100%| E|CS|TAMS 0x000000070d600000, 0x000000070d600000| Complete 
| 215|0x000000070d700000, 0x000000070d800000, 0x000000070d800000|100%| E|CS|TAMS 0x000000070d700000, 0x000000070d700000| Complete 
| 216|0x000000070d800000, 0x000000070d900000, 0x000000070d900000|100%| E|CS|TAMS 0x000000070d800000, 0x000000070d800000| Complete 
| 217|0x000000070d900000, 0x000000070da00000, 0x000000070da00000|100%| E|CS|TAMS 0x000000070d900000, 0x000000070d900000| Complete 
| 218|0x000000070da00000, 0x000000070db00000, 0x000000070db00000|100%| E|CS|TAMS 0x000000070da00000, 0x000000070da00000| Complete 
| 219|0x000000070db00000, 0x000000070dc00000, 0x000000070dc00000|100%| E|CS|TAMS 0x000000070db00000, 0x000000070db00000| Complete 
| 220|0x000000070dc00000, 0x000000070dd00000, 0x000000070dd00000|100%| E|CS|TAMS 0x000000070dc00000, 0x000000070dc00000| Complete 
| 221|0x000000070dd00000, 0x000000070de00000, 0x000000070de00000|100%| E|CS|TAMS 0x000000070dd00000, 0x000000070dd00000| Complete 
| 222|0x000000070de00000, 0x000000070df00000, 0x000000070df00000|100%| E|CS|TAMS 0x000000070de00000, 0x000000070de00000| Complete 
| 223|0x000000070df00000, 0x000000070e000000, 0x000000070e000000|100%| E|CS|TAMS 0x000000070df00000, 0x000000070df00000| Complete 
| 224|0x000000070e000000, 0x000000070e100000, 0x000000070e100000|100%| E|CS|TAMS 0x000000070e000000, 0x000000070e000000| Complete 
| 225|0x000000070e100000, 0x000000070e200000, 0x000000070e200000|100%| E|CS|TAMS 0x000000070e100000, 0x000000070e100000| Complete 
| 226|0x000000070e200000, 0x000000070e300000, 0x000000070e300000|100%| E|CS|TAMS 0x000000070e200000, 0x000000070e200000| Complete 
| 227|0x000000070e300000, 0x000000070e400000, 0x000000070e400000|100%| E|CS|TAMS 0x000000070e300000, 0x000000070e300000| Complete 
| 228|0x000000070e400000, 0x000000070e500000, 0x000000070e500000|100%| E|CS|TAMS 0x000000070e400000, 0x000000070e400000| Complete 
| 229|0x000000070e500000, 0x000000070e600000, 0x000000070e600000|100%| E|CS|TAMS 0x000000070e500000, 0x000000070e500000| Complete 
| 230|0x000000070e600000, 0x000000070e700000, 0x000000070e700000|100%| E|CS|TAMS 0x000000070e600000, 0x000000070e600000| Complete 
| 231|0x000000070e700000, 0x000000070e800000, 0x000000070e800000|100%| E|CS|TAMS 0x000000070e700000, 0x000000070e700000| Complete 
| 232|0x000000070e800000, 0x000000070e900000, 0x000000070e900000|100%| E|CS|TAMS 0x000000070e800000, 0x000000070e800000| Complete 
| 233|0x000000070e900000, 0x000000070ea00000, 0x000000070ea00000|100%| E|CS|TAMS 0x000000070e900000, 0x000000070e900000| Complete 
| 234|0x000000070ea00000, 0x000000070eb00000, 0x000000070eb00000|100%| E|CS|TAMS 0x000000070ea00000, 0x000000070ea00000| Complete 
| 235|0x000000070eb00000, 0x000000070ec00000, 0x000000070ec00000|100%| E|CS|TAMS 0x000000070eb00000, 0x000000070eb00000| Complete 
| 236|0x000000070ec00000, 0x000000070ed00000, 0x000000070ed00000|100%| E|CS|TAMS 0x000000070ec00000, 0x000000070ec00000| Complete 
| 237|0x000000070ed00000, 0x000000070ee00000, 0x000000070ee00000|100%| E|CS|TAMS 0x000000070ed00000, 0x000000070ed00000| Complete 
| 238|0x000000070ee00000, 0x000000070ef00000, 0x000000070ef00000|100%| E|CS|TAMS 0x000000070ee00000, 0x000000070ee00000| Complete 
| 239|0x000000070ef00000, 0x000000070f000000, 0x000000070f000000|100%| E|CS|TAMS 0x000000070ef00000, 0x000000070ef00000| Complete 
| 240|0x000000070f000000, 0x000000070f100000, 0x000000070f100000|100%| E|CS|TAMS 0x000000070f000000, 0x000000070f000000| Complete 
| 241|0x000000070f100000, 0x000000070f200000, 0x000000070f200000|100%| E|CS|TAMS 0x000000070f100000, 0x000000070f100000| Complete 
| 242|0x000000070f200000, 0x000000070f300000, 0x000000070f300000|100%| E|CS|TAMS 0x000000070f200000, 0x000000070f200000| Complete 
| 243|0x000000070f300000, 0x000000070f400000, 0x000000070f400000|100%| E|CS|TAMS 0x000000070f300000, 0x000000070f300000| Complete 
| 244|0x000000070f400000, 0x000000070f500000, 0x000000070f500000|100%| E|CS|TAMS 0x000000070f400000, 0x000000070f400000| Complete 
| 245|0x000000070f500000, 0x000000070f600000, 0x000000070f600000|100%| E|CS|TAMS 0x000000070f500000, 0x000000070f500000| Complete 
| 246|0x000000070f600000, 0x000000070f700000, 0x000000070f700000|100%| E|CS|TAMS 0x000000070f600000, 0x000000070f600000| Complete 
| 247|0x000000070f700000, 0x000000070f800000, 0x000000070f800000|100%| E|CS|TAMS 0x000000070f700000, 0x000000070f700000| Complete 
| 248|0x000000070f800000, 0x000000070f900000, 0x000000070f900000|100%| E|CS|TAMS 0x000000070f800000, 0x000000070f800000| Complete 
| 249|0x000000070f900000, 0x000000070fa00000, 0x000000070fa00000|100%| E|CS|TAMS 0x000000070f900000, 0x000000070f900000| Complete 
| 250|0x000000070fa00000, 0x000000070fb00000, 0x000000070fb00000|100%| E|CS|TAMS 0x000000070fa00000, 0x000000070fa00000| Complete 
| 251|0x000000070fb00000, 0x000000070fc00000, 0x000000070fc00000|100%| E|CS|TAMS 0x000000070fb00000, 0x000000070fb00000| Complete 
| 252|0x000000070fc00000, 0x000000070fd00000, 0x000000070fd00000|100%| E|CS|TAMS 0x000000070fc00000, 0x000000070fc00000| Complete 
| 253|0x000000070fd00000, 0x000000070fe00000, 0x000000070fe00000|100%| E|CS|TAMS 0x000000070fd00000, 0x000000070fd00000| Complete 
| 254|0x000000070fe00000, 0x000000070ff00000, 0x000000070ff00000|100%| E|CS|TAMS 0x000000070fe00000, 0x000000070fe00000| Complete 
| 255|0x000000070ff00000, 0x0000000710000000, 0x0000000710000000|100%| E|CS|TAMS 0x000000070ff00000, 0x000000070ff00000| Complete 

Card table byte_map: [0x000000010a085000,0x000000010a885000] _byte_map_base: 0x0000000106885000

Marking Bits (Prev, Next): (CMBitMap*) 0x00007f8468832618, (CMBitMap*) 0x00007f8468832650
 Prev Bits: [0x0000000122af3000, 0x0000000126af3000)
 Next Bits: [0x0000000126af3000, 0x000000012aaf3000)

Polling page: 0x0000000106ff8000

Metaspace:

Usage:
  Non-class:     18.12 MB capacity,    17.93 MB ( 99%) used,   172.63 KB ( <1%) free+waste,    27.88 KB ( <1%) overhead. 
      Class:      1.88 MB capacity,     1.82 MB ( 97%) used,    54.38 KB (  3%) free+waste,    10.75 KB ( <1%) overhead. 
       Both:     20.01 MB capacity,    19.75 MB ( 99%) used,   227.02 KB (  1%) free+waste,    38.62 KB ( <1%) overhead. 

Virtual space:
  Non-class space:       20.00 MB reserved,      18.50 MB ( 92%) committed 
      Class space:        1.00 GB reserved,       2.00 MB ( <1%) committed 
             Both:        1.02 GB reserved,      20.50 MB (  2%) committed 

Chunk freelists:
   Non-Class:  24.50 KB
       Class:  2.88 KB
        Both:  27.38 KB

CodeHeap 'non-profiled nmethods': size=120032Kb used=892Kb max_used=892Kb free=119139Kb
 bounds [0x000000011b5bb000, 0x000000011b82b000, 0x0000000122af3000]
CodeHeap 'profiled nmethods': size=120028Kb used=4254Kb max_used=4254Kb free=115773Kb
 bounds [0x0000000114084000, 0x00000001144b4000, 0x000000011b5bb000]
CodeHeap 'non-nmethods': size=5700Kb used=1149Kb max_used=1193Kb free=4551Kb
 bounds [0x0000000113af3000, 0x0000000113d63000, 0x0000000114084000]
 total_blobs=2508 nmethods=2111 adapters=317
 compilation: enabled
              stopped_count=0, restarted_count=0
 full_count=0

Compilation events (10 events):
Event: 2.331 Thread 0x00007f8469821000 1991       4       sun.reflect.generics.parser.SignatureParser::current (59 bytes)
Event: 2.333 Thread 0x00007f8469821000 nmethod 1991 0x000000011b698110 code [0x000000011b6982a0, 0x000000011b698408]
Event: 2.333 Thread 0x00007f8469821000 1989       4       java.lang.reflect.Method::<init> (68 bytes)
Event: 2.339 Thread 0x00007f8469821000 nmethod 1989 0x000000011b698590 code [0x000000011b698720, 0x000000011b698ef8]
Event: 2.340 Thread 0x00007f8469821000 1997       4       org.apache.beam.vendor.guava.v26_0_jre.com.google.common.collect.ImmutableSet$Builder::add (23 bytes)
Event: 2.342 Thread 0x00007f8469821000 nmethod 1997 0x000000011b698f90 code [0x000000011b699120, 0x000000011b699328]
Event: 2.342 Thread 0x00007f8469821000 1970       4       java.lang.ref.Reference::<init> (25 bytes)
Event: 2.344 Thread 0x00007f8469821000 nmethod 1970 0x000000011b699490 code [0x000000011b699620, 0x000000011b699838]
Event: 2.344 Thread 0x00007f8469821000 1945       4       java.util.ArrayDeque::addLast (51 bytes)
Event: 2.346 Thread 0x00007f8469821000 nmethod 1945 0x000000011b699890 code [0x000000011b699a20, 0x000000011b699c58]

GC Heap History (10 events):
Event: 0.681 GC heap before
{Heap before GC invocations=0 (full 0):
 garbage-first heap   total 262144K, used 30720K [0x0000000700000000, 0x0000000800000000)
  region size 1024K, 24 young (24576K), 0 survivors (0K)
 Metaspace       used 10280K, capacity 10351K, committed 10752K, reserved 1058816K
  class space    used 903K, capacity 938K, committed 1024K, reserved 1048576K
}
Event: 0.685 GC heap after
{Heap after GC invocations=1 (full 0):
 garbage-first heap   total 262144K, used 16473K [0x0000000700000000, 0x0000000800000000)
  region size 1024K, 3 young (3072K), 3 survivors (3072K)
 Metaspace       used 10280K, capacity 10351K, committed 10752K, reserved 1058816K
  class space    used 903K, capacity 938K, committed 1024K, reserved 1048576K
}
Event: 1.057 GC heap before
{Heap before GC invocations=1 (full 0):
 garbage-first heap   total 262144K, used 76889K [0x0000000700000000, 0x0000000800000000)
  region size 1024K, 62 young (63488K), 3 survivors (3072K)
 Metaspace       used 16007K, capacity 16252K, committed 16768K, reserved 1064960K
  class space    used 1490K, capacity 1563K, committed 1664K, reserved 1048576K
}
Event: 1.060 GC heap after
{Heap after GC invocations=2 (full 0):
 garbage-first heap   total 262144K, used 17752K [0x0000000700000000, 0x0000000800000000)
  region size 1024K, 5 young (5120K), 5 survivors (5120K)
 Metaspace       used 16007K, capacity 16252K, committed 16768K, reserved 1064960K
  class space    used 1490K, capacity 1563K, committed 1664K, reserved 1048576K
}
Event: 1.269 GC heap before
{Heap before GC invocations=2 (full 0):
 garbage-first heap   total 262144K, used 88408K [0x0000000700000000, 0x0000000800000000)
  region size 1024K, 74 young (75776K), 5 survivors (5120K)
 Metaspace       used 17053K, capacity 17291K, committed 17536K, reserved 1064960K
  class space    used 1579K, capacity 1651K, committed 1664K, reserved 1048576K
}
Event: 1.272 GC heap after
{Heap after GC invocations=3 (full 0):
 garbage-first heap   total 262144K, used 18881K [0x0000000700000000, 0x0000000800000000)
  region size 1024K, 6 young (6144K), 6 survivors (6144K)
 Metaspace       used 17053K, capacity 17291K, committed 17536K, reserved 1064960K
  class space    used 1579K, capacity 1651K, committed 1664K, reserved 1048576K
}
Event: 1.554 GC heap before
{Heap before GC invocations=3 (full 0):
 garbage-first heap   total 262144K, used 167361K [0x0000000700000000, 0x0000000800000000)
  region size 1024K, 151 young (154624K), 6 survivors (6144K)
 Metaspace       used 17579K, capacity 17899K, committed 18176K, reserved 1064960K
  class space    used 1599K, capacity 1683K, committed 1792K, reserved 1048576K
}
Event: 1.557 GC heap after
{Heap after GC invocations=4 (full 0):
 garbage-first heap   total 262144K, used 20103K [0x0000000700000000, 0x0000000800000000)
  region size 1024K, 7 young (7168K), 7 survivors (7168K)
 Metaspace       used 17579K, capacity 17899K, committed 18176K, reserved 1064960K
  class space    used 1599K, capacity 1683K, committed 1792K, reserved 1048576K
}
Event: 1.790 GC heap before
{Heap before GC invocations=4 (full 0):
 garbage-first heap   total 262144K, used 169607K [0x0000000700000000, 0x0000000800000000)
  region size 1024K, 153 young (156672K), 7 survivors (7168K)
 Metaspace       used 18016K, capacity 18283K, committed 18688K, reserved 1067008K
  class space    used 1616K, capacity 1683K, committed 1792K, reserved 1048576K
}
Event: 1.794 GC heap after
{Heap after GC invocations=5 (full 0):
 garbage-first heap   total 262144K, used 21535K [0x0000000700000000, 0x0000000800000000)
  region size 1024K, 8 young (8192K), 8 survivors (8192K)
 Metaspace       used 18016K, capacity 18283K, committed 18688K, reserved 1067008K
  class space    used 1616K, capacity 1683K, committed 1792K, reserved 1048576K
}

Deoptimization events (10 events):
Event: 0.665 Thread 0x00007f8468015800 Uncommon trap: reason=bimorphic_or_optimized_type_check action=maybe_recompile pc=0x000000011b5e7434 method=java.util.HashMap.getNode(ILjava/lang/Object;)Ljava/util/HashMap$Node; @ 126 c2
Event: 0.665 Thread 0x00007f8468015800 Uncommon trap: reason=unstable_if action=reinterpret pc=0x000000011b5e73cc method=java.util.HashMap.getNode(ILjava/lang/Object;)Ljava/util/HashMap$Node; @ 62 c2
Event: 0.780 Thread 0x00007f8468015800 Uncommon trap: reason=unstable_if action=reinterpret pc=0x000000011b5bc0f0 method=java.lang.String.isLatin1()Z @ 10 c2
Event: 0.882 Thread 0x00007f8468015800 Uncommon trap: reason=unstable_if action=reinterpret pc=0x000000011b60bc3c method=org.eclipse.jdt.launching.internal.org.objectweb.asm.ByteVector.encodeUtf8(Ljava/lang/String;II)Lorg/eclipse/jdt/launching/internal/org/objectweb/asm/ByteVector; @ 139 c2
Event: 0.979 Thread 0x00007f8468015800 Uncommon trap: reason=unstable_if action=reinterpret pc=0x000000011b603858 method=java.util.HashMap.getNode(ILjava/lang/Object;)Ljava/util/HashMap$Node; @ 129 c2
Event: 2.001 Thread 0x00007f8468015800 Uncommon trap: reason=bimorphic_or_optimized_type_check action=maybe_recompile pc=0x000000011b667080 method=java.util.TreeMap.compare(Ljava/lang/Object;Ljava/lang/Object;)I @ 26 c2
Event: 2.002 Thread 0x00007f8468015800 Uncommon trap: reason=predicate action=maybe_recompile pc=0x000000011b667110 method=java.util.TreeMap.put(Ljava/lang/Object;Ljava/lang/Object;)Ljava/lang/Object; @ 55 c2
Event: 2.013 Thread 0x00007f8468015800 Uncommon trap: reason=predicate action=maybe_recompile pc=0x000000011b65d770 method=java.util.TreeMap.getEntryUsingComparator(Ljava/lang/Object;)Ljava/util/TreeMap$Entry; @ 19 c2
Event: 2.018 Thread 0x00007f8468015800 Uncommon trap: reason=class_check action=maybe_recompile pc=0x000000011b660264 method=org.apache.beam.vendor.guava.v26_0_jre.com.google.common.collect.ImmutableSet$RegularSetBuilderImpl.add(Ljava/lang/Object;)Lorg/apache/beam/vendor/guava/v26_0_jre/com/go
Event: 2.018 Thread 0x00007f8468015800 Uncommon trap: reason=class_check action=maybe_recompile pc=0x000000011b660264 method=org.apache.beam.vendor.guava.v26_0_jre.com.google.common.collect.ImmutableSet$RegularSetBuilderImpl.add(Ljava/lang/Object;)Lorg/apache/beam/vendor/guava/v26_0_jre/com/go

Classes redefined (4 events):
Event: 127.054 Thread 0x00007f846b06a000 redefined class name=shasta.dataflow.DataflowToBigtable$BigtableOptions, count=1
Event: 127.066 Thread 0x00007f846b06a000 redefined class name=shasta.dataflow.DataflowToBigtable, count=1
Event: 868.533 Thread 0x00007f846b06a000 redefined class name=shasta.dataflow.DataflowToBigtable$BigtableOptions, count=2
Event: 868.540 Thread 0x00007f846b06a000 redefined class name=shasta.dataflow.DataflowToBigtable, count=2

Internal exceptions (10 events):
Event: 0.489 Thread 0x00007f8468015800 Exception <a 'java/security/PrivilegedActionException'{0x000000070f6fba88}> (0x000000070f6fba88) thrown at [./open/src/hotspot/share/prims/jvm.cpp, line 1305]
Event: 0.489 Thread 0x00007f8468015800 Exception <a 'java/security/PrivilegedActionException'{0x000000070f6fbd58}> (0x000000070f6fbd58) thrown at [./open/src/hotspot/share/prims/jvm.cpp, line 1305]
Event: 0.489 Thread 0x00007f8468015800 Exception <a 'java/security/PrivilegedActionException'{0x000000070f6fc928}> (0x000000070f6fc928) thrown at [./open/src/hotspot/share/prims/jvm.cpp, line 1305]
Event: 0.489 Thread 0x00007f8468015800 Exception <a 'java/security/PrivilegedActionException'{0x000000070f6fcbf8}> (0x000000070f6fcbf8) thrown at [./open/src/hotspot/share/prims/jvm.cpp, line 1305]
Event: 0.891 Thread 0x00007f8468015800 Exception <a 'java/lang/NoSuchMethodError'{0x000000070d8b2880}: java.lang.invoke.DelegatingMethodHandle$Holder.delegate(Ljava/lang/Object;Ljava/lang/Object;ILjava/lang/Object;)V> (0x000000070d8b2880) thrown at [./open/src/hotspot/share/interpreter/linkRes
Event: 0.892 Thread 0x00007f8468015800 Exception <a 'java/lang/NoSuchMethodError'{0x000000070d8b9c30}: java.lang.invoke.DirectMethodHandle$Holder.invokeStaticInit(Ljava/lang/Object;Ljava/lang/Object;Ljava/lang/Object;)Ljava/lang/Object;> (0x000000070d8b9c30) thrown at [./open/src/hotspot/share
Event: 0.994 Thread 0x00007f8468015800 Exception <a 'java/lang/NoSuchMethodError'{0x000000070cc48830}: java.lang.invoke.DirectMethodHandle$Holder.invokeStaticInit(Ljava/lang/Object;Ljava/lang/Object;)I> (0x000000070cc48830) thrown at [./open/src/hotspot/share/interpreter/linkResolver.cpp, line
Event: 0.998 Thread 0x00007f8468015800 Exception <a 'java/lang/NoSuchMethodError'{0x000000070ccb5e00}: java.lang.invoke.DirectMethodHandle$Holder.invokeVirtual(Ljava/lang/Object;Ljava/lang/Object;Ljava/lang/Object;)Ljava/lang/Object;> (0x000000070ccb5e00) thrown at [./open/src/hotspot/share/in
Event: 1.122 Thread 0x00007f8468015800 Exception <a 'java/lang/NoSuchMethodError'{0x000000070f7303c8}: java.lang.invoke.DirectMethodHandle$Holder.invokeStaticInit(Ljava/lang/Object;Ljava/lang/Object;Ljava/lang/Object;)I> (0x000000070f7303c8) thrown at [./open/src/hotspot/share/interpreter/link
Event: 1.923 Thread 0x00007f8468015800 Exception <a 'java/lang/NoSuchMethodError'{0x000000070b457450}: java.lang.invoke.DirectMethodHandle$Holder.invokeSpecialIFC(Ljava/lang/Object;Ljava/lang/Object;I)I> (0x000000070b457450) thrown at [./open/src/hotspot/share/interpreter/linkResolver.cpp, lin

Events (10 events):
Event: 868.551 Executing nested VM operation: EnterInterpOnlyMode done
Event: 868.551 Executing VM operation: SetFramePop done
Event: 868.551 Executing VM operation: GetFrameLocation
Event: 868.551 Executing VM operation: GetFrameLocation done
Event: 868.551 Executing VM operation: GetCurrentLocation
Event: 868.551 Executing VM operation: GetCurrentLocation done
Event: 868.551 Executing VM operation: ChangeSingleStep
Event: 868.551 Executing VM operation: ChangeSingleStep done
Event: 868.552 Executing VM operation: GetFrameLocation
Event: 868.552 Executing VM operation: GetFrameLocation done


Dynamic libraries:
0x00007fff32fae000 	/System/Library/Frameworks/Cocoa.framework/Versions/A/Cocoa
0x00007fff407a5000 	/System/Library/Frameworks/Security.framework/Versions/A/Security
0x00007fff31f13000 	/System/Library/Frameworks/ApplicationServices.framework/Versions/A/ApplicationServices
0x00007fff6d2c9000 	/usr/lib/libz.1.dylib
0x0000000106fb0000 	/Library/Java/JavaVirtualMachines/jdk-11.0.10.jdk/Contents/Home/lib/jli/libjli.dylib
0x00007fff6ad8d000 	/usr/lib/libSystem.B.dylib
0x00007fff31103000 	/System/Library/Frameworks/AppKit.framework/Versions/C/AppKit
0x00007fff33932000 	/System/Library/Frameworks/CoreData.framework/Versions/A/CoreData
0x00007fff3650d000 	/System/Library/Frameworks/Foundation.framework/Versions/C/Foundation
0x00007fff64da2000 	/System/Library/PrivateFrameworks/UIFoundation.framework/Versions/A/UIFoundation
0x00007fff5fe36000 	/System/Library/PrivateFrameworks/RemoteViewServices.framework/Versions/A/RemoteViewServices
0x00007fff678fd000 	/System/Library/PrivateFrameworks/XCTTargetBootstrap.framework/Versions/A/XCTTargetBootstrap
0x00007fff33d1d000 	/System/Library/Frameworks/CoreDisplay.framework/Versions/A/CoreDisplay
0x00007fff393c8000 	/System/Library/Frameworks/Metal.framework/Versions/A/Metal
0x00007fff4de39000 	/System/Library/PrivateFrameworks/DesktopServicesPriv.framework/Versions/A/DesktopServicesPriv
0x00007fff6bec8000 	/usr/lib/liblangid.dylib
0x00007fff4d0ce000 	/System/Library/PrivateFrameworks/CoreSVG.framework/Versions/A/CoreSVG
0x00007fff62f92000 	/System/Library/PrivateFrameworks/SkyLight.framework/Versions/A/SkyLight
0x00007fff342d1000 	/System/Library/Frameworks/CoreGraphics.framework/Versions/A/CoreGraphics
0x00007fff2fad7000 	/System/Library/Frameworks/Accelerate.framework/Versions/A/Accelerate
0x00007fff6d1ba000 	/usr/lib/libxml2.2.dylib
0x00007fff58dc1000 	/System/Library/PrivateFrameworks/IconServices.framework/Versions/A/IconServices
0x00007fff36cec000 	/System/Library/Frameworks/IOSurface.framework/Versions/A/IOSurface
0x00007fff6a8b7000 	/usr/lib/libDiagnosticMessagesClient.dylib
0x00007fff4dc93000 	/System/Library/PrivateFrameworks/DFRFoundation.framework/Versions/A/DFRFoundation
0x00007fff6bc57000 	/usr/lib/libicucore.A.dylib
0x00007fff32245000 	/System/Library/Frameworks/AudioToolbox.framework/Versions/A/AudioToolbox
0x00007fff32328000 	/System/Library/Frameworks/AudioUnit.framework/Versions/A/AudioUnit
0x00007fff6af8f000 	/usr/lib/libauto.dylib
0x00007fff4dd35000 	/System/Library/PrivateFrameworks/DataDetectorsCore.framework/Versions/A/DataDetectorsCore
0x00007fff32acf000 	/System/Library/Frameworks/Carbon.framework/Versions/A/Frameworks/HIToolbox.framework/Versions/A/HIToolbox
0x00007fff3f9a1000 	/System/Library/Frameworks/QuartzCore.framework/Versions/A/QuartzCore
0x00007fff32e0e000 	/System/Library/Frameworks/Carbon.framework/Versions/A/Frameworks/SpeechRecognition.framework/Versions/A/SpeechRecognition
0x00007fff4d7a7000 	/System/Library/PrivateFrameworks/CoreUI.framework/Versions/A/CoreUI
0x00007fff3339d000 	/System/Library/Frameworks/CoreAudio.framework/Versions/A/CoreAudio
0x00007fff361cc000 	/System/Library/Frameworks/DiskArbitration.framework/Versions/A/DiskArbitration
0x00007fff5ae11000 	/System/Library/PrivateFrameworks/MultitouchSupport.framework/Versions/A/MultitouchSupport
0x00007fff6bb1e000 	/usr/lib/libenergytrace.dylib
0x00007fff36c46000 	/System/Library/Frameworks/IOKit.framework/Versions/A/IOKit
0x00007fff35238000 	/System/Library/Frameworks/CoreServices.framework/Versions/A/CoreServices
0x00007fff5cfc9000 	/System/Library/PrivateFrameworks/PerformanceAnalysis.framework/Versions/A/PerformanceAnalysis
0x00007fff3e9d4000 	/System/Library/Frameworks/OpenGL.framework/Versions/A/OpenGL
0x00007fff6cbed000 	/usr/lib/libobjc.A.dylib
0x00007fff32fbc000 	/System/Library/Frameworks/ColorSync.framework/Versions/A/ColorSync
0x00007fff33e50000 	/System/Library/Frameworks/CoreFoundation.framework/Versions/A/CoreFoundation
0x00007fff34954000 	/System/Library/Frameworks/CoreImage.framework/Versions/A/CoreImage
0x00007fff35cab000 	/System/Library/Frameworks/CoreText.framework/Versions/A/CoreText
0x00007fff36d7c000 	/System/Library/Frameworks/ImageIO.framework/Versions/A/ImageIO
0x00007fff6b073000 	/usr/lib/libc++.1.dylib
0x00007fff6b0ef000 	/usr/lib/libcompression.dylib
0x00007fff6abfb000 	/usr/lib/libMobileGestalt.dylib
0x00007fff64b0c000 	/System/Library/PrivateFrameworks/TextureIO.framework/Versions/A/TextureIO
0x00007fff6aef2000 	/usr/lib/libate.dylib
0x00007fff58fca000 	/System/Library/PrivateFrameworks/InternationalSupport.framework/Versions/A/InternationalSupport
0x00007fff6db8a000 	/usr/lib/system/libcache.dylib
0x00007fff6db90000 	/usr/lib/system/libcommonCrypto.dylib
0x00007fff6db9c000 	/usr/lib/system/libcompiler_rt.dylib
0x00007fff6dba4000 	/usr/lib/system/libcopyfile.dylib
0x00007fff6dbae000 	/usr/lib/system/libcorecrypto.dylib
0x00007fff6dd4d000 	/usr/lib/system/libdispatch.dylib
0x00007fff6dd8e000 	/usr/lib/system/libdyld.dylib
0x00007fff6ddc5000 	/usr/lib/system/libkeymgr.dylib
0x00007fff6ddd3000 	/usr/lib/system/liblaunch.dylib
0x00007fff6ddd4000 	/usr/lib/system/libmacho.dylib
0x00007fff6ddda000 	/usr/lib/system/libquarantine.dylib
0x00007fff6dddd000 	/usr/lib/system/libremovefile.dylib
0x00007fff6dddf000 	/usr/lib/system/libsystem_asl.dylib
0x00007fff6ddf7000 	/usr/lib/system/libsystem_blocks.dylib
0x00007fff6ddf8000 	/usr/lib/system/libsystem_c.dylib
0x00007fff6de80000 	/usr/lib/system/libsystem_configuration.dylib
0x00007fff6de84000 	/usr/lib/system/libsystem_coreservices.dylib
0x00007fff6de88000 	/usr/lib/system/libsystem_darwin.dylib
0x00007fff6de91000 	/usr/lib/system/libsystem_dnssd.dylib
0x00007fff6de99000 	/usr/lib/system/libsystem_featureflags.dylib
0x00007fff6de9b000 	/usr/lib/system/libsystem_info.dylib
0x00007fff6df16000 	/usr/lib/system/libsystem_m.dylib
0x00007fff6df5e000 	/usr/lib/system/libsystem_malloc.dylib
0x00007fff6df86000 	/usr/lib/system/libsystem_networkextension.dylib
0x00007fff6df94000 	/usr/lib/system/libsystem_notify.dylib
0x00007fff6dfb2000 	/usr/lib/system/libsystem_sandbox.dylib
0x00007fff6dfb7000 	/usr/lib/system/libsystem_secinit.dylib
0x00007fff6dee9000 	/usr/lib/system/libsystem_kernel.dylib
0x00007fff6df9e000 	/usr/lib/system/libsystem_platform.dylib
0x00007fff6dfa7000 	/usr/lib/system/libsystem_pthread.dylib
0x00007fff6dfba000 	/usr/lib/system/libsystem_symptoms.dylib
0x00007fff6dfc2000 	/usr/lib/system/libsystem_trace.dylib
0x00007fff6dfda000 	/usr/lib/system/libunwind.dylib
0x00007fff6dfe0000 	/usr/lib/system/libxpc.dylib
0x00007fff6b0c6000 	/usr/lib/libc++abi.dylib
0x00007fff6beca000 	/usr/lib/liblzma.5.dylib
0x00007fff6bb45000 	/usr/lib/libfakelink.dylib
0x00007fff6ae7f000 	/usr/lib/libarchive.2.dylib
0x00007fff41856000 	/System/Library/Frameworks/SystemConfiguration.framework/Versions/A/SystemConfiguration
0x00007fff6a7ea000 	/usr/lib/libCRFSuite.dylib
0x00007fff326bf000 	/System/Library/Frameworks/CFNetwork.framework/Versions/A/CFNetwork
0x00007fff6b055000 	/usr/lib/libbsm.0.dylib
0x00007fff6ddc6000 	/usr/lib/system/libkxld.dylib
0x00007fff47610000 	/System/Library/PrivateFrameworks/AppleFSCompression.framework/Versions/A/AppleFSCompression
0x00007fff6b3e0000 	/usr/lib/libcoretls.dylib
0x00007fff6b3f7000 	/usr/lib/libcoretls_cfhelpers.dylib
0x00007fff6cc33000 	/usr/lib/libpam.2.dylib
0x00007fff6cd68000 	/usr/lib/libsqlite3.dylib
0x00007fff6d1a7000 	/usr/lib/libxar.1.dylib
0x00007fff6b066000 	/usr/lib/libbz2.1.0.dylib
0x00007fff6bb66000 	/usr/lib/libiconv.2.dylib
0x00007fff6b0dc000 	/usr/lib/libcharset.1.dylib
0x00007fff6c6d0000 	/usr/lib/libnetwork.dylib
0x00007fff6cc3a000 	/usr/lib/libpcap.A.dylib
0x00007fff6ae34000 	/usr/lib/libapple_nghttp2.dylib
0x00007fff355ef000 	/System/Library/Frameworks/CoreServices.framework/Versions/A/Frameworks/FSEvents.framework/Versions/A/FSEvents
0x00007fff352bf000 	/System/Library/Frameworks/CoreServices.framework/Versions/A/Frameworks/CarbonCore.framework/Versions/A/CarbonCore
0x00007fff35833000 	/System/Library/Frameworks/CoreServices.framework/Versions/A/Frameworks/Metadata.framework/Versions/A/Metadata
0x00007fff358cc000 	/System/Library/Frameworks/CoreServices.framework/Versions/A/Frameworks/OSServices.framework/Versions/A/OSServices
0x00007fff358fa000 	/System/Library/Frameworks/CoreServices.framework/Versions/A/Frameworks/SearchKit.framework/Versions/A/SearchKit
0x00007fff35239000 	/System/Library/Frameworks/CoreServices.framework/Versions/A/Frameworks/AE.framework/Versions/A/AE
0x00007fff355f8000 	/System/Library/Frameworks/CoreServices.framework/Versions/A/Frameworks/LaunchServices.framework/Versions/A/LaunchServices
0x00007fff355a1000 	/System/Library/Frameworks/CoreServices.framework/Versions/A/Frameworks/DictionaryServices.framework/Versions/A/DictionaryServices
0x00007fff35962000 	/System/Library/Frameworks/CoreServices.framework/Versions/A/Frameworks/SharedFileList.framework/Versions/A/SharedFileList
0x00007fff3a7f3000 	/System/Library/Frameworks/NetFS.framework/Versions/A/NetFS
0x00007fff5b341000 	/System/Library/PrivateFrameworks/NetAuth.framework/Versions/A/NetAuth
0x00007fff67cca000 	/System/Library/PrivateFrameworks/login.framework/Versions/A/Frameworks/loginsupport.framework/Versions/A/loginsupport
0x00007fff645d7000 	/System/Library/PrivateFrameworks/TCC.framework/Versions/A/TCC
0x00007fff4c241000 	/System/Library/PrivateFrameworks/CoreNLP.framework/Versions/A/CoreNLP
0x00007fff5a83e000 	/System/Library/PrivateFrameworks/MetadataUtilities.framework/Versions/A/MetadataUtilities
0x00007fff6bfa2000 	/usr/lib/libmecabra.dylib
0x00007fff6befa000 	/usr/lib/libmecab.dylib
0x00007fff6bb56000 	/usr/lib/libgermantok.dylib
0x00007fff6ae1b000 	/usr/lib/libThaiTokenizer.dylib
0x00007fff6a821000 	/usr/lib/libChineseTokenizer.dylib
0x00007fff2faef000 	/System/Library/Frameworks/Accelerate.framework/Versions/A/Frameworks/vImage.framework/Versions/A/vImage
0x00007fff30f59000 	/System/Library/Frameworks/Accelerate.framework/Versions/A/Frameworks/vecLib.framework/Versions/A/vecLib
0x00007fff30e96000 	/System/Library/Frameworks/Accelerate.framework/Versions/A/Frameworks/vecLib.framework/Versions/A/libvMisc.dylib
0x00007fff30cbe000 	/System/Library/Frameworks/Accelerate.framework/Versions/A/Frameworks/vecLib.framework/Versions/A/libvDSP.dylib
0x00007fff30146000 	/System/Library/Frameworks/Accelerate.framework/Versions/A/Frameworks/vecLib.framework/Versions/A/libBLAS.dylib
0x00007fff30882000 	/System/Library/Frameworks/Accelerate.framework/Versions/A/Frameworks/vecLib.framework/Versions/A/libLAPACK.dylib
0x00007fff30c1e000 	/System/Library/Frameworks/Accelerate.framework/Versions/A/Frameworks/vecLib.framework/Versions/A/libLinearAlgebra.dylib
0x00007fff30cab000 	/System/Library/Frameworks/Accelerate.framework/Versions/A/Frameworks/vecLib.framework/Versions/A/libSparseBLAS.dylib
0x00007fff30c34000 	/System/Library/Frameworks/Accelerate.framework/Versions/A/Frameworks/vecLib.framework/Versions/A/libQuadrature.dylib
0x00007fff303ae000 	/System/Library/Frameworks/Accelerate.framework/Versions/A/Frameworks/vecLib.framework/Versions/A/libBNNS.dylib
0x00007fff30c3a000 	/System/Library/Frameworks/Accelerate.framework/Versions/A/Frameworks/vecLib.framework/Versions/A/libSparse.dylib
0x00007fff593b2000 	/System/Library/PrivateFrameworks/LanguageModeling.framework/Versions/A/LanguageModeling
0x00007fff4bbf1000 	/System/Library/PrivateFrameworks/CoreEmoji.framework/Versions/A/CoreEmoji
0x00007fff594d0000 	/System/Library/PrivateFrameworks/LinguisticData.framework/Versions/A/LinguisticData
0x00007fff59481000 	/System/Library/PrivateFrameworks/Lexicon.framework/Versions/A/Lexicon
0x00007fff6b0dd000 	/usr/lib/libcmph.dylib
0x00007fff3d3e2000 	/System/Library/Frameworks/OpenDirectory.framework/Versions/A/Frameworks/CFOpenDirectory.framework/Versions/A/CFOpenDirectory
0x00007fff3d3ff000 	/System/Library/Frameworks/OpenDirectory.framework/Versions/A/OpenDirectory
0x00007fff45840000 	/System/Library/PrivateFrameworks/APFS.framework/Versions/A/APFS
0x00007fff40aef000 	/System/Library/Frameworks/SecurityFoundation.framework/Versions/A/SecurityFoundation
0x00007fff6d1a3000 	/usr/lib/libutil.dylib
0x00007fff4d126000 	/System/Library/PrivateFrameworks/CoreServicesStore.framework/Versions/A/CoreServicesStore
0x00007fff40ba6000 	/System/Library/Frameworks/ServiceManagement.framework/Versions/A/ServiceManagement
0x00007fff48de0000 	/System/Library/PrivateFrameworks/BackgroundTaskManagement.framework/Versions/A/BackgroundTaskManagement
0x00007fff6d2a0000 	/usr/lib/libxslt.1.dylib
0x00007fff47c83000 	/System/Library/PrivateFrameworks/AppleSystemInfo.framework/Versions/A/AppleSystemInfo
0x00007fff36f97000 	/System/Library/Frameworks/ImageIO.framework/Versions/A/Resources/libJPEG.dylib
0x00007fff37256000 	/System/Library/Frameworks/ImageIO.framework/Versions/A/Resources/libTIFF.dylib
0x00007fff37239000 	/System/Library/Frameworks/ImageIO.framework/Versions/A/Resources/libPng.dylib
0x00007fff36ed9000 	/System/Library/Frameworks/ImageIO.framework/Versions/A/Resources/libGIF.dylib
0x00007fff36edd000 	/System/Library/Frameworks/ImageIO.framework/Versions/A/Resources/libJP2.dylib
0x00007fff37254000 	/System/Library/Frameworks/ImageIO.framework/Versions/A/Resources/libRadiance.dylib
0x00007fff6bb1f000 	/usr/lib/libexpat.1.dylib
0x00007fff4776b000 	/System/Library/PrivateFrameworks/AppleJPEG.framework/Versions/A/AppleJPEG
0x00007fff50426000 	/System/Library/PrivateFrameworks/FontServices.framework/libFontParser.dylib
0x00007fff66ccc000 	/System/Library/PrivateFrameworks/WatchdogClient.framework/Versions/A/WatchdogClient
0x00007fff58a0d000 	/System/Library/PrivateFrameworks/IOAccelerator.framework/Versions/A/IOAccelerator
0x00007fff39763000 	/System/Library/Frameworks/MetalPerformanceShaders.framework/Versions/A/MetalPerformanceShaders
0x00007fff551a3000 	/System/Library/PrivateFrameworks/GPUWrangler.framework/Versions/A/GPUWrangler
0x00007fff58a22000 	/System/Library/PrivateFrameworks/IOPresentment.framework/Versions/A/IOPresentment
0x00007fff4dca6000 	/System/Library/PrivateFrameworks/DSExternalDisplay.framework/Versions/A/DSExternalDisplay
0x00007fff3dd73000 	/System/Library/Frameworks/OpenGL.framework/Versions/A/Libraries/libCoreFSCache.dylib
0x00007fff394af000 	/System/Library/Frameworks/MetalPerformanceShaders.framework/Frameworks/MPSCore.framework/Versions/A/MPSCore
0x00007fff394ed000 	/System/Library/Frameworks/MetalPerformanceShaders.framework/Frameworks/MPSImage.framework/Versions/A/MPSImage
0x00007fff395b4000 	/System/Library/Frameworks/MetalPerformanceShaders.framework/Frameworks/MPSNeuralNetwork.framework/Versions/A/MPSNeuralNetwork
0x00007fff39578000 	/System/Library/Frameworks/MetalPerformanceShaders.framework/Frameworks/MPSMatrix.framework/Versions/A/MPSMatrix
0x00007fff39713000 	/System/Library/Frameworks/MetalPerformanceShaders.framework/Frameworks/MPSRayIntersector.framework/Versions/A/MPSRayIntersector
0x00007fff3959e000 	/System/Library/Frameworks/MetalPerformanceShaders.framework/Frameworks/MPSNDArray.framework/Versions/A/MPSNDArray
0x00007fff5a88b000 	/System/Library/PrivateFrameworks/MetalTools.framework/Versions/A/MetalTools
0x00007fff46a1a000 	/System/Library/PrivateFrameworks/AggregateDictionary.framework/Versions/A/AggregateDictionary
0x00007fff4b639000 	/System/Library/PrivateFrameworks/CoreAnalytics.framework/Versions/A/CoreAnalytics
0x00007fff47ba2000 	/System/Library/PrivateFrameworks/AppleSauce.framework/Versions/A/AppleSauce
0x00007fff6aadd000 	/usr/lib/libIOReport.dylib
0x00007fff35e63000 	/System/Library/Frameworks/CoreVideo.framework/Versions/A/CoreVideo
0x00007fff5661c000 	/System/Library/PrivateFrameworks/GraphVisualizer.framework/Versions/A/GraphVisualizer
0x00007fff4f96c000 	/System/Library/PrivateFrameworks/FaceCore.framework/Versions/A/FaceCore
0x00007fff3d389000 	/System/Library/Frameworks/OpenCL.framework/Versions/A/OpenCL
0x00007fff6a8ff000 	/usr/lib/libFosl_dynamic.dylib
0x00007fff5bd61000 	/System/Library/PrivateFrameworks/OTSVG.framework/Versions/A/OTSVG
0x00007fff32018000 	/System/Library/Frameworks/ApplicationServices.framework/Versions/A/Frameworks/ATS.framework/Versions/A/Resources/libFontRegistry.dylib
0x00007fff505f7000 	/System/Library/PrivateFrameworks/FontServices.framework/libhvf.dylib
0x00007fff3dd7e000 	/System/Library/Frameworks/OpenGL.framework/Versions/A/Libraries/libGFXShared.dylib
0x00007fff3df5c000 	/System/Library/Frameworks/OpenGL.framework/Versions/A/Libraries/libGLU.dylib
0x00007fff3dd87000 	/System/Library/Frameworks/OpenGL.framework/Versions/A/Libraries/libGL.dylib
0x00007fff3dd92000 	/System/Library/Frameworks/OpenGL.framework/Versions/A/Libraries/libGLImage.dylib
0x00007fff3dd70000 	/System/Library/Frameworks/OpenGL.framework/Versions/A/Libraries/libCVMSPluginSupport.dylib
0x00007fff3dd79000 	/System/Library/Frameworks/OpenGL.framework/Versions/A/Libraries/libCoreVMClient.dylib
0x00007fff6c571000 	/usr/lib/libncurses.5.4.dylib
0x00007fff31f14000 	/System/Library/Frameworks/ApplicationServices.framework/Versions/A/Frameworks/ATS.framework/Versions/A/ATS
0x00007fff320e1000 	/System/Library/Frameworks/ApplicationServices.framework/Versions/A/Frameworks/ColorSyncLegacy.framework/Versions/A/ColorSyncLegacy
0x00007fff3217f000 	/System/Library/Frameworks/ApplicationServices.framework/Versions/A/Frameworks/HIServices.framework/Versions/A/HIServices
0x00007fff321d7000 	/System/Library/Frameworks/ApplicationServices.framework/Versions/A/Frameworks/LangAnalysis.framework/Versions/A/LangAnalysis
0x00007fff321e6000 	/System/Library/Frameworks/ApplicationServices.framework/Versions/A/Frameworks/PrintCore.framework/Versions/A/PrintCore
0x00007fff3222c000 	/System/Library/Frameworks/ApplicationServices.framework/Versions/A/Frameworks/QD.framework/Versions/A/QD
0x00007fff32237000 	/System/Library/Frameworks/ApplicationServices.framework/Versions/A/Frameworks/SpeechSynthesis.framework/Versions/A/SpeechSynthesis
0x00007fff320b1000 	/System/Library/Frameworks/ApplicationServices.framework/Versions/A/Frameworks/ATSUI.framework/Versions/A/ATSUI
0x00007fff6b9b5000 	/usr/lib/libcups.2.dylib
0x00007fff387fe000 	/System/Library/Frameworks/Kerberos.framework/Versions/A/Kerberos
0x00007fff3693f000 	/System/Library/Frameworks/GSS.framework/Versions/A/GSS
0x00007fff6ccf4000 	/usr/lib/libresolv.9.dylib
0x00007fff567c9000 	/System/Library/PrivateFrameworks/Heimdal.framework/Versions/A/Heimdal
0x00007fff38811000 	/System/Library/Frameworks/Kerberos.framework/Versions/A/Libraries/libHeimdalProxy.dylib
0x00007fff6bb5c000 	/usr/lib/libheimdal-asn1.dylib
0x00007fff4aad1000 	/System/Library/PrivateFrameworks/CommonAuth.framework/Versions/A/CommonAuth
0x00007fff47d20000 	/System/Library/PrivateFrameworks/AssertionServices.framework/Versions/A/AssertionServices
0x00007fff488c3000 	/System/Library/PrivateFrameworks/AudioToolboxCore.framework/Versions/A/AudioToolboxCore
0x00007fff6797a000 	/System/Library/PrivateFrameworks/caulk.framework/Versions/A/caulk
0x00007fff48e8c000 	/System/Library/PrivateFrameworks/BaseBoard.framework/Versions/A/BaseBoard
0x00007fff5ffc4000 	/System/Library/PrivateFrameworks/RunningBoardServices.framework/Versions/A/RunningBoardServices
0x00007fff5cfd5000 	/System/Library/PrivateFrameworks/PersistentConnection.framework/Versions/A/PersistentConnection
0x00007fff5f9bd000 	/System/Library/PrivateFrameworks/ProtocolBuffer.framework/Versions/A/ProtocolBuffer
0x00007fff4aaf5000 	/System/Library/PrivateFrameworks/CommonUtilities.framework/Versions/A/CommonUtilities
0x00007fff4901a000 	/System/Library/PrivateFrameworks/Bom.framework/Versions/A/Bom
0x00007fff6a7b0000 	/usr/lib/libAudioToolboxUtility.dylib
0x00007fff48dea000 	/System/Library/PrivateFrameworks/Backup.framework/Versions/A/Backup
0x00007fff4dbc7000 	/System/Library/PrivateFrameworks/CrashReporterSupport.framework/Versions/A/CrashReporterSupport
0x00007fff61a56000 	/System/Library/PrivateFrameworks/Sharing.framework/Versions/A/Sharing
0x00007fff4732e000 	/System/Library/PrivateFrameworks/Apple80211.framework/Versions/A/Apple80211
0x00007fff48b07000 	/System/Library/PrivateFrameworks/AuthKit.framework/Versions/A/AuthKit
0x00007fff4d8d4000 	/System/Library/PrivateFrameworks/CoreUtils.framework/Versions/A/CoreUtils
0x00007fff35ea8000 	/System/Library/Frameworks/CoreWLAN.framework/Versions/A/CoreWLAN
0x00007fff36acc000 	/System/Library/Frameworks/IOBluetooth.framework/Versions/A/IOBluetooth
0x00007fff5ab90000 	/System/Library/PrivateFrameworks/MobileKeyBag.framework/Versions/A/MobileKeyBag
0x00007fff4c6d9000 	/System/Library/PrivateFrameworks/CorePhoneNumbers.framework/Versions/A/CorePhoneNumbers
0x00007fff4771e000 	/System/Library/PrivateFrameworks/AppleIDAuthSupport.framework/Versions/A/AppleIDAuthSupport
0x00007fff3a800000 	/System/Library/Frameworks/Network.framework/Versions/A/Network
0x00007fff5925e000 	/System/Library/PrivateFrameworks/KeychainCircle.framework/Versions/A/KeychainCircle
0x00007fff338f9000 	/System/Library/Frameworks/CoreBluetooth.framework/Versions/A/CoreBluetooth
0x00007fff63ad5000 	/System/Library/PrivateFrameworks/SpeechRecognitionCore.framework/Versions/A/SpeechRecognitionCore
0x0000000108800000 	/Library/Java/JavaVirtualMachines/jdk-11.0.10.jdk/Contents/Home/lib/server/libjvm.dylib
0x0000000106fdb000 	/Library/Java/JavaVirtualMachines/jdk-11.0.10.jdk/Contents/Home/lib/libverify.dylib
0x00000001095d7000 	/Library/Java/JavaVirtualMachines/jdk-11.0.10.jdk/Contents/Home/lib/libjava.dylib
0x0000000106fec000 	/Library/Java/JavaVirtualMachines/jdk-11.0.10.jdk/Contents/Home/lib/libjimage.dylib
0x0000000109603000 	/Library/Java/JavaVirtualMachines/jdk-11.0.10.jdk/Contents/Home/lib/libjdwp.dylib
0x0000000109640000 	/Library/Java/JavaVirtualMachines/jdk-11.0.10.jdk/Contents/Home/lib/libinstrument.dylib
0x0000000109697000 	/Library/Java/JavaVirtualMachines/jdk-11.0.10.jdk/Contents/Home/lib/libzip.dylib
0x000000010b199000 	/Library/Java/JavaVirtualMachines/jdk-11.0.10.jdk/Contents/Home/lib/libdt_socket.dylib
0x000000010b1a3000 	/Library/Java/JavaVirtualMachines/jdk-11.0.10.jdk/Contents/Home/lib/libnio.dylib
0x000000010b1b5000 	/Library/Java/JavaVirtualMachines/jdk-11.0.10.jdk/Contents/Home/lib/libnet.dylib


VM Arguments:
jvm_args: -agentlib:jdwp=transport=dt_socket,suspend=y,address=localhost:64464 -javaagent:/Users/NT185083/eclipse/jee-2021-03/Eclipse.app/Contents/Eclipse/configuration/org.eclipse.osgi/403/0/.cp/lib/javaagent-shaded.jar -Dfile.encoding=UTF-8 
java_command: shasta.dataflow.DataflowToBigtable
java_class_path (initial): /Users/NT185083/eclipse-workspace/dataflow/target/classes:/Users/NT185083/.m2/repository/com/oracle/substratevm/svm/19.2.1/svm-19.2.1.jar:/Users/NT185083/.m2/repository/org/graalvm/sdk/graal-sdk/19.2.1/graal-sdk-19.2.1.jar:/Users/NT185083/.m2/repository/com/oracle/substratevm/objectfile/19.2.1/objectfile-19.2.1.jar:/Users/NT185083/.m2/repository/com/oracle/substratevm/pointsto/19.2.1/pointsto-19.2.1.jar:/Users/NT185083/.m2/repository/org/graalvm/truffle/truffle-nfi/19.2.1/truffle-nfi-19.2.1.jar:/Users/NT185083/.m2/repository/org/graalvm/truffle/truffle-api/19.2.1/truffle-api-19.2.1.jar:/Users/NT185083/.m2/repository/org/graalvm/compiler/compiler/19.2.1/compiler-19.2.1.jar:/Users/NT185083/.m2/repository/org/hamcrest/hamcrest/2.1/hamcrest-2.1.jar:/Users/NT185083/.m2/repository/org/apache/beam/beam-runners-direct-java/2.28.0/beam-runners-direct-java-2.28.0.jar:/Users/NT185083/.m2/repository/org/apache/beam/beam-vendor-guava-26_0-jre/0.1/beam-vendor-guava-26_0-jre-0.1.jar:/Users/NT185083/.m2/repository/org/apache/beam/beam-model-pipeline/2.28.0/beam-model-pipeline-2.28.0.jar:/Users/NT185083/.m2/repository/com/google/errorprone/error_prone_annotations/2.3.3/error_prone_annotations-2.3.3.jar:/Users/NT185083/.m2/repository/commons-logging/commons-logging/1.2/commons-logging-1.2.jar:/Users/NT185083/.m2/repository/org/apache/logging/log4j/log4j-api/2.12.1/log4j-api-2.12.1.jar:/Users/NT185083/.m2/repository/org/conscrypt/conscrypt-openjdk-uber/2.5.1/conscrypt-openjdk-uber-2.5.1.jar:/Users/NT185083/.m2/repository/org/apache/beam/beam-sdks-java-core/2.28.0/beam-sdks-java-core-2.28.0.jar:/Users/NT185083/.m2/repository/org/apache/beam/beam-model-job-management/2.28.0/beam-model-job-management-2.28.0.jar:/Users/NT185083/.m2/repository/org/apache/beam/beam-vendor-bytebuddy-1_10_8/0.1/beam-vendor-bytebuddy-1_10_8-0.1.jar:/Users/NT185083/.m2/repository/org/xerial/snappy/snappy-java/1.1.4/snappy-java-1.1.4.jar:/Users/NT185083/.m2/repository/org/apache/beam
Launcher Type: SUN_STANDARD

[Global flags]
     intx CICompilerCount                          = 4                                         {product} {ergonomic}
     uint ConcGCThreads                            = 3                                         {product} {ergonomic}
     uint G1ConcRefinementThreads                  = 10                                        {product} {ergonomic}
   size_t G1HeapRegionSize                         = 1048576                                   {product} {ergonomic}
    uintx GCDrainStackTargetSize                   = 64                                        {product} {ergonomic}
   size_t InitialHeapSize                          = 268435456                                 {product} {ergonomic}
   size_t MarkStackSize                            = 4194304                                   {product} {ergonomic}
   size_t MaxHeapSize                              = 4294967296                                {product} {ergonomic}
   size_t MaxNewSize                               = 2576351232                                {product} {ergonomic}
   size_t MinHeapDeltaBytes                        = 1048576                                   {product} {ergonomic}
    uintx NonNMethodCodeHeapSize                   = 5836300                                {pd product} {ergonomic}
    uintx NonProfiledCodeHeapSize                  = 122910970                              {pd product} {ergonomic}
    uintx ProfiledCodeHeapSize                     = 122910970                              {pd product} {ergonomic}
    uintx ReservedCodeCacheSize                    = 251658240                              {pd product} {ergonomic}
     bool SegmentedCodeCache                       = true                                      {product} {ergonomic}
     bool UseCompressedClassPointers               = true                                 {lp64_product} {ergonomic}
     bool UseCompressedOops                        = true                                 {lp64_product} {ergonomic}
     bool UseG1GC                                  = true                                      {product} {ergonomic}

Logging:
Log output configuration:
 #0: stdout all=warning uptime,level,tags
 #1: stderr all=off uptime,level,tags

Environment Variables:
PATH=/usr/bin:/bin:/usr/sbin:/sbin
SHELL=/bin/bash

Signal Handlers:
SIGSEGV: [libjvm.dylib+0x7976a8], sa_mask[0]=11111111011111110111111111111111, sa_flags=SA_ONSTACK|SA_RESTART|SA_SIGINFO
SIGBUS: [libjvm.dylib+0x7976a8], sa_mask[0]=11111111011111110111111111111111, sa_flags=SA_RESTART|SA_SIGINFO
SIGFPE: [libjvm.dylib+0x7976a8], sa_mask[0]=11111111011111110111111111111111, sa_flags=SA_RESTART|SA_SIGINFO
SIGPIPE: [libjvm.dylib+0x647bd7], sa_mask[0]=11111111011111110111111111111111, sa_flags=SA_RESTART|SA_SIGINFO
SIGXFSZ: [libjvm.dylib+0x647bd7], sa_mask[0]=11111111011111110111111111111111, sa_flags=SA_RESTART|SA_SIGINFO
SIGILL: [libjvm.dylib+0x7976a8], sa_mask[0]=11111111011111110111111111111111, sa_flags=SA_RESTART|SA_SIGINFO
SIGUSR2: [libjvm.dylib+0x6481c1], sa_mask[0]=00100000000000000000000000000000, sa_flags=SA_RESTART|SA_SIGINFO
SIGHUP: [libjvm.dylib+0x646c1f], sa_mask[0]=11111111011111110111111111111111, sa_flags=SA_RESTART|SA_SIGINFO
SIGINT: [libjvm.dylib+0x646c1f], sa_mask[0]=11111111011111110111111111111111, sa_flags=SA_RESTART|SA_SIGINFO
SIGTERM: [libjvm.dylib+0x646c1f], sa_mask[0]=11111111011111110111111111111111, sa_flags=SA_RESTART|SA_SIGINFO
SIGQUIT: [libjvm.dylib+0x646c1f], sa_mask[0]=11111111011111110111111111111111, sa_flags=SA_RESTART|SA_SIGINFO


---------------  S Y S T E M  ---------------

OS:uname:Darwin 19.6.0 Darwin Kernel Version 19.6.0: Mon Aug 31 22:12:52 PDT 2020; root:xnu-6153.141.2~1/RELEASE_X86_64 x86_64
rlimit: STACK 8192k, CORE 0k, NPROC 2784, NOFILE 10240, AS infinity, DATA infinity, FSIZE infinity
load average:1.75 1.61 1.74

CPU:total 12 (initial active 12) (6 cores per cpu, 2 threads per core) family 6 model 158 stepping 10 microcode 0xd6, cmov, cx8, fxsr, mmx, sse, sse2, sse3, ssse3, sse4.1, sse4.2, popcnt, avx, avx2, aes, clmul, erms, 3dnowpref, lzcnt, ht, tsc, tscinvbit, bmi1, bmi2, adx, fma

Memory: 4k page, physical 16777216k(378956k free)

vm_info: Java HotSpot(TM) 64-Bit Server VM (11.0.10+8-LTS-162) for bsd-amd64 JRE (11.0.10+8-LTS-162), built on Dec  8 2020 16:31:04 by "mach5one" with gcc 4.2.1 Compatible Apple LLVM 10.0.0 (clang-1000.11.45.5)

END.
